{"meta": {"format": 3, "version": "7.11.3", "timestamp": "2025-11-13T22:13:15.565490", "branch_coverage": false, "show_contexts": false}, "files": {"src/api/__init__.py": {"executed_lines": [1], "summary": {"covered_lines": 0, "num_statements": 0, "percent_covered": 100.0, "percent_covered_display": "100", "missing_lines": 0, "excluded_lines": 0}, "missing_lines": [], "excluded_lines": [], "functions": {"": {"executed_lines": [1], "summary": {"covered_lines": 0, "num_statements": 0, "percent_covered": 100.0, "percent_covered_display": "100", "missing_lines": 0, "excluded_lines": 0}, "missing_lines": [], "excluded_lines": []}}, "classes": {"": {"executed_lines": [1], "summary": {"covered_lines": 0, "num_statements": 0, "percent_covered": 100.0, "percent_covered_display": "100", "missing_lines": 0, "excluded_lines": 0}, "missing_lines": [], "excluded_lines": []}}}, "src/api/routers/__init__.py": {"executed_lines": [1, 3, 4, 5, 6, 7, 8, 9, 10, 11, 12, 14], "summary": {"covered_lines": 11, "num_statements": 11, "percent_covered": 100.0, "percent_covered_display": "100", "missing_lines": 0, "excluded_lines": 0}, "missing_lines": [], "excluded_lines": [], "functions": {"": {"executed_lines": [1, 3, 4, 5, 6, 7, 8, 9, 10, 11, 12, 14], "summary": {"covered_lines": 11, "num_statements": 11, "percent_covered": 100.0, "percent_covered_display": "100", "missing_lines": 0, "excluded_lines": 0}, "missing_lines": [], "excluded_lines": []}}, "classes": {"": {"executed_lines": [1, 3, 4, 5, 6, 7, 8, 9, 10, 11, 12, 14], "summary": {"covered_lines": 11, "num_statements": 11, "percent_covered": 100.0, "percent_covered_display": "100", "missing_lines": 0, "excluded_lines": 0}, "missing_lines": [], "excluded_lines": []}}}, "src/api/routers/analytics.py": {"executed_lines": [1, 3, 4, 6, 7, 8, 10, 11, 12, 15, 16, 19, 20, 21, 22, 23, 24, 25, 26, 27, 28, 31, 32, 33, 34, 35, 36, 37, 38, 41, 42, 43, 44, 45, 48, 49, 59, 60, 70, 71], "summary": {"covered_lines": 36, "num_statements": 42, "percent_covered": 85.71428571428571, "percent_covered_display": "86", "missing_lines": 6, "excluded_lines": 0}, "missing_lines": [55, 56, 66, 67, 76, 77], "excluded_lines": [], "functions": {"get_analytics_summary": {"executed_lines": [], "summary": {"covered_lines": 0, "num_statements": 2, "percent_covered": 0.0, "percent_covered_display": "0", "missing_lines": 2, "excluded_lines": 0}, "missing_lines": [55, 56], "excluded_lines": []}, "get_business_analytics": {"executed_lines": [], "summary": {"covered_lines": 0, "num_statements": 2, "percent_covered": 0.0, "percent_covered_display": "0", "missing_lines": 2, "excluded_lines": 0}, "missing_lines": [66, 67], "excluded_lines": []}, "get_analytics_overview": {"executed_lines": [], "summary": {"covered_lines": 0, "num_statements": 2, "percent_covered": 0.0, "percent_covered_display": "0", "missing_lines": 2, "excluded_lines": 0}, "missing_lines": [76, 77], "excluded_lines": []}, "": {"executed_lines": [1, 3, 4, 6, 7, 8, 10, 11, 12, 15, 16, 19, 20, 21, 22, 23, 24, 25, 26, 27, 28, 31, 32, 33, 34, 35, 36, 37, 38, 41, 42, 43, 44, 45, 48, 49, 59, 60, 70, 71], "summary": {"covered_lines": 36, "num_statements": 36, "percent_covered": 100.0, "percent_covered_display": "100", "missing_lines": 0, "excluded_lines": 0}, "missing_lines": [], "excluded_lines": []}}, "classes": {"AnalyticsResponse": {"executed_lines": [], "summary": {"covered_lines": 0, "num_statements": 0, "percent_covered": 100.0, "percent_covered_display": "100", "missing_lines": 0, "excluded_lines": 0}, "missing_lines": [], "excluded_lines": []}, "BusinessAnalyticsResponse": {"executed_lines": [], "summary": {"covered_lines": 0, "num_statements": 0, "percent_covered": 100.0, "percent_covered_display": "100", "missing_lines": 0, "excluded_lines": 0}, "missing_lines": [], "excluded_lines": []}, "OverviewResponse": {"executed_lines": [], "summary": {"covered_lines": 0, "num_statements": 0, "percent_covered": 100.0, "percent_covered_display": "100", "missing_lines": 0, "excluded_lines": 0}, "missing_lines": [], "excluded_lines": []}, "": {"executed_lines": [1, 3, 4, 6, 7, 8, 10, 11, 12, 15, 16, 19, 20, 21, 22, 23, 24, 25, 26, 27, 28, 31, 32, 33, 34, 35, 36, 37, 38, 41, 42, 43, 44, 45, 48, 49, 59, 60, 70, 71], "summary": {"covered_lines": 36, "num_statements": 42, "percent_covered": 85.71428571428571, "percent_covered_display": "86", "missing_lines": 6, "excluded_lines": 0}, "missing_lines": [55, 56, 66, 67, 76, 77], "excluded_lines": []}}}, "src/api/routers/camera.py": {"executed_lines": [1, 3, 4, 5, 6, 8, 9, 10, 11, 12, 13, 15, 16, 17, 18, 25, 26, 29, 30, 63, 64, 93, 94, 155, 156, 168, 169], "summary": {"covered_lines": 26, "num_statements": 74, "percent_covered": 35.13513513513514, "percent_covered_display": "35", "missing_lines": 48, "excluded_lines": 0}, "missing_lines": [35, 36, 38, 39, 41, 42, 43, 45, 46, 47, 48, 49, 50, 51, 53, 55, 69, 70, 72, 73, 75, 76, 81, 82, 83, 87, 100, 101, 103, 104, 106, 107, 113, 114, 115, 118, 119, 122, 123, 125, 128, 129, 132, 147, 152, 162, 165, 175], "excluded_lines": [], "functions": {"get_camera_status": {"executed_lines": [], "summary": {"covered_lines": 0, "num_statements": 16, "percent_covered": 0.0, "percent_covered_display": "0", "missing_lines": 16, "excluded_lines": 0}, "missing_lines": [35, 36, 38, 39, 41, 42, 43, 45, 46, 47, 48, 49, 50, 51, 53, 55], "excluded_lines": []}, "get_camera_stream": {"executed_lines": [], "summary": {"covered_lines": 0, "num_statements": 10, "percent_covered": 0.0, "percent_covered_display": "0", "missing_lines": 10, "excluded_lines": 0}, "missing_lines": [69, 70, 72, 73, 75, 76, 81, 82, 83, 87], "excluded_lines": []}, "take_snapshot": {"executed_lines": [], "summary": {"covered_lines": 0, "num_statements": 19, "percent_covered": 0.0, "percent_covered_display": "0", "missing_lines": 19, "excluded_lines": 0}, "missing_lines": [100, 101, 103, 104, 106, 107, 113, 114, 115, 118, 119, 122, 123, 125, 128, 129, 132, 147, 152], "excluded_lines": []}, "list_snapshots": {"executed_lines": [], "summary": {"covered_lines": 0, "num_statements": 2, "percent_covered": 0.0, "percent_covered_display": "0", "missing_lines": 2, "excluded_lines": 0}, "missing_lines": [162, 165], "excluded_lines": []}, "download_snapshot": {"executed_lines": [], "summary": {"covered_lines": 0, "num_statements": 1, "percent_covered": 0.0, "percent_covered_display": "0", "missing_lines": 1, "excluded_lines": 0}, "missing_lines": [175], "excluded_lines": []}, "": {"executed_lines": [1, 3, 4, 5, 6, 8, 9, 10, 11, 12, 13, 15, 16, 17, 18, 25, 26, 29, 30, 63, 64, 93, 94, 155, 156, 168, 169], "summary": {"covered_lines": 26, "num_statements": 26, "percent_covered": 100.0, "percent_covered_display": "100", "missing_lines": 0, "excluded_lines": 0}, "missing_lines": [], "excluded_lines": []}}, "classes": {"": {"executed_lines": [1, 3, 4, 5, 6, 8, 9, 10, 11, 12, 13, 15, 16, 17, 18, 25, 26, 29, 30, 63, 64, 93, 94, 155, 156, 168, 169], "summary": {"covered_lines": 26, "num_statements": 74, "percent_covered": 35.13513513513514, "percent_covered_display": "35", "missing_lines": 48, "excluded_lines": 0}, "missing_lines": [35, 36, 38, 39, 41, 42, 43, 45, 46, 47, 48, 49, 50, 51, 53, 55, 69, 70, 72, 73, 75, 76, 81, 82, 83, 87, 100, 101, 103, 104, 106, 107, 113, 114, 115, 118, 119, 122, 123, 125, 128, 129, 132, 147, 152, 162, 165, 175], "excluded_lines": []}}}, "src/api/routers/debug.py": {"executed_lines": [1, 6, 7, 8, 10, 16, 18, 21, 22, 83, 84, 120, 121], "summary": {"covered_lines": 12, "num_statements": 77, "percent_covered": 15.584415584415584, "percent_covered_display": "16", "missing_lines": 65, "excluded_lines": 0}, "missing_lines": [32, 33, 35, 36, 37, 39, 40, 47, 48, 49, 50, 51, 52, 53, 54, 56, 57, 58, 59, 61, 62, 63, 64, 65, 66, 68, 69, 70, 71, 73, 75, 77, 78, 80, 106, 107, 108, 110, 111, 112, 114, 115, 116, 117, 130, 132, 133, 134, 136, 139, 140, 141, 142, 151, 152, 154, 157, 158, 159, 160, 163, 164, 165, 166, 168], "excluded_lines": [], "functions": {"debug_printer_thumbnail": {"executed_lines": [], "summary": {"covered_lines": 0, "num_statements": 34, "percent_covered": 0.0, "percent_covered_display": "0", "missing_lines": 34, "excluded_lines": 0}, "missing_lines": [32, 33, 35, 36, 37, 39, 40, 47, 48, 49, 50, 51, 52, 53, 54, 56, 57, 58, 59, 61, 62, 63, 64, 65, 66, 68, 69, 70, 71, 73, 75, 77, 78, 80], "excluded_lines": []}, "debug_file": {"executed_lines": [], "summary": {"covered_lines": 0, "num_statements": 10, "percent_covered": 0.0, "percent_covered_display": "0", "missing_lines": 10, "excluded_lines": 0}, "missing_lines": [106, 107, 108, 110, 111, 112, 114, 115, 116, 117], "excluded_lines": []}, "get_thumbnail_processing_log": {"executed_lines": [], "summary": {"covered_lines": 0, "num_statements": 21, "percent_covered": 0.0, "percent_covered_display": "0", "missing_lines": 21, "excluded_lines": 0}, "missing_lines": [130, 132, 133, 134, 136, 139, 140, 141, 142, 151, 152, 154, 157, 158, 159, 160, 163, 164, 165, 166, 168], "excluded_lines": []}, "": {"executed_lines": [1, 6, 7, 8, 10, 16, 18, 21, 22, 83, 84, 120, 121], "summary": {"covered_lines": 12, "num_statements": 12, "percent_covered": 100.0, "percent_covered_display": "100", "missing_lines": 0, "excluded_lines": 0}, "missing_lines": [], "excluded_lines": []}}, "classes": {"": {"executed_lines": [1, 6, 7, 8, 10, 16, 18, 21, 22, 83, 84, 120, 121], "summary": {"covered_lines": 12, "num_statements": 77, "percent_covered": 15.584415584415584, "percent_covered_display": "16", "missing_lines": 65, "excluded_lines": 0}, "missing_lines": [32, 33, 35, 36, 37, 39, 40, 47, 48, 49, 50, 51, 52, 53, 54, 56, 57, 58, 59, 61, 62, 63, 64, 65, 66, 68, 69, 70, 71, 73, 75, 77, 78, 80, 106, 107, 108, 110, 111, 112, 114, 115, 116, 117, 130, 132, 133, 134, 136, 139, 140, 141, 142, 151, 152, 154, 157, 158, 159, 160, 163, 164, 165, 166, 168], "excluded_lines": []}}}, "src/api/routers/errors.py": {"executed_lines": [1, 3, 4, 5, 6, 7, 9, 10, 12, 13, 16, 17, 18, 19, 20, 21, 22, 23, 24, 25, 26, 27, 30, 31, 32, 33, 34, 35, 36, 39, 40, 41, 42, 45, 46, 48, 49, 50, 51, 53, 55, 57, 87, 111, 166, 169, 170, 219, 220, 237, 238, 254, 255], "summary": {"covered_lines": 48, "num_statements": 132, "percent_covered": 36.36363636363637, "percent_covered_display": "36", "missing_lines": 84, "excluded_lines": 0}, "missing_lines": [59, 61, 69, 70, 73, 81, 83, 84, 85, 89, 90, 91, 93, 94, 95, 98, 99, 100, 101, 102, 103, 105, 107, 108, 109, 113, 114, 115, 118, 119, 120, 121, 122, 125, 126, 127, 128, 130, 132, 133, 136, 137, 140, 141, 142, 144, 153, 154, 155, 175, 177, 180, 182, 183, 189, 190, 191, 203, 209, 210, 211, 212, 213, 222, 223, 224, 229, 230, 231, 240, 241, 242, 246, 247, 248, 257, 259, 260, 261, 264, 266, 273, 274, 275], "excluded_lines": [], "functions": {"ErrorStoreService.__init__": {"executed_lines": [49, 50, 51], "summary": {"covered_lines": 3, "num_statements": 3, "percent_covered": 100.0, "percent_covered_display": "100", "missing_lines": 0, "excluded_lines": 0}, "missing_lines": [], "excluded_lines": []}, "ErrorStoreService.ensure_log_directory": {"executed_lines": [55], "summary": {"covered_lines": 1, "num_statements": 1, "percent_covered": 100.0, "percent_covered_display": "100", "missing_lines": 0, "excluded_lines": 0}, "missing_lines": [], "excluded_lines": []}, "ErrorStoreService.store_errors": {"executed_lines": [], "summary": {"covered_lines": 0, "num_statements": 9, "percent_covered": 0.0, "percent_covered_display": "0", "missing_lines": 9, "excluded_lines": 0}, "missing_lines": [59, 61, 69, 70, 73, 81, 83, 84, 85], "excluded_lines": []}, "ErrorStoreService.get_recent_errors": {"executed_lines": [], "summary": {"covered_lines": 0, "num_statements": 16, "percent_covered": 0.0, "percent_covered_display": "0", "missing_lines": 16, "excluded_lines": 0}, "missing_lines": [89, 90, 91, 93, 94, 95, 98, 99, 100, 101, 102, 103, 105, 107, 108, 109], "excluded_lines": []}, "ErrorStoreService.get_error_statistics": {"executed_lines": [], "summary": {"covered_lines": 0, "num_statements": 24, "percent_covered": 0.0, "percent_covered_display": "0", "missing_lines": 24, "excluded_lines": 0}, "missing_lines": [113, 114, 115, 118, 119, 120, 121, 122, 125, 126, 127, 128, 130, 132, 133, 136, 137, 140, 141, 142, 144, 153, 154, 155], "excluded_lines": []}, "report_errors": {"executed_lines": [], "summary": {"covered_lines": 0, "num_statements": 14, "percent_covered": 0.0, "percent_covered_display": "0", "missing_lines": 14, "excluded_lines": 0}, "missing_lines": [175, 177, 180, 182, 183, 189, 190, 191, 203, 209, 210, 211, 212, 213], "excluded_lines": []}, "get_recent_errors": {"executed_lines": [], "summary": {"covered_lines": 0, "num_statements": 6, "percent_covered": 0.0, "percent_covered_display": "0", "missing_lines": 6, "excluded_lines": 0}, "missing_lines": [222, 223, 224, 229, 230, 231], "excluded_lines": []}, "get_error_statistics": {"executed_lines": [], "summary": {"covered_lines": 0, "num_statements": 6, "percent_covered": 0.0, "percent_covered_display": "0", "missing_lines": 6, "excluded_lines": 0}, "missing_lines": [240, 241, 242, 246, 247, 248], "excluded_lines": []}, "error_system_health": {"executed_lines": [], "summary": {"covered_lines": 0, "num_statements": 9, "percent_covered": 0.0, "percent_covered_display": "0", "missing_lines": 9, "excluded_lines": 0}, "missing_lines": [257, 259, 260, 261, 264, 266, 273, 274, 275], "excluded_lines": []}, "": {"executed_lines": [1, 3, 4, 5, 6, 7, 9, 10, 12, 13, 16, 17, 18, 19, 20, 21, 22, 23, 24, 25, 26, 27, 30, 31, 32, 33, 34, 35, 36, 39, 40, 41, 42, 45, 46, 48, 53, 57, 87, 111, 166, 169, 170, 219, 220, 237, 238, 254, 255], "summary": {"covered_lines": 44, "num_statements": 44, "percent_covered": 100.0, "percent_covered_display": "100", "missing_lines": 0, "excluded_lines": 0}, "missing_lines": [], "excluded_lines": []}}, "classes": {"ErrorReport": {"executed_lines": [], "summary": {"covered_lines": 0, "num_statements": 0, "percent_covered": 100.0, "percent_covered_display": "100", "missing_lines": 0, "excluded_lines": 0}, "missing_lines": [], "excluded_lines": []}, "SessionInfo": {"executed_lines": [], "summary": {"covered_lines": 0, "num_statements": 0, "percent_covered": 100.0, "percent_covered_display": "100", "missing_lines": 0, "excluded_lines": 0}, "missing_lines": [], "excluded_lines": []}, "ErrorReportRequest": {"executed_lines": [], "summary": {"covered_lines": 0, "num_statements": 0, "percent_covered": 100.0, "percent_covered_display": "100", "missing_lines": 0, "excluded_lines": 0}, "missing_lines": [], "excluded_lines": []}, "ErrorStoreService": {"executed_lines": [49, 50, 51, 55], "summary": {"covered_lines": 4, "num_statements": 53, "percent_covered": 7.547169811320755, "percent_covered_display": "8", "missing_lines": 49, "excluded_lines": 0}, "missing_lines": [59, 61, 69, 70, 73, 81, 83, 84, 85, 89, 90, 91, 93, 94, 95, 98, 99, 100, 101, 102, 103, 105, 107, 108, 109, 113, 114, 115, 118, 119, 120, 121, 122, 125, 126, 127, 128, 130, 132, 133, 136, 137, 140, 141, 142, 144, 153, 154, 155], "excluded_lines": []}, "": {"executed_lines": [1, 3, 4, 5, 6, 7, 9, 10, 12, 13, 16, 17, 18, 19, 20, 21, 22, 23, 24, 25, 26, 27, 30, 31, 32, 33, 34, 35, 36, 39, 40, 41, 42, 45, 46, 48, 53, 57, 87, 111, 166, 169, 170, 219, 220, 237, 238, 254, 255], "summary": {"covered_lines": 44, "num_statements": 79, "percent_covered": 55.69620253164557, "percent_covered_display": "56", "missing_lines": 35, "excluded_lines": 0}, "missing_lines": [175, 177, 180, 182, 183, 189, 190, 191, 203, 209, 210, 211, 212, 213, 222, 223, 224, 229, 230, 231, 240, 241, 242, 246, 247, 248, 257, 259, 260, 261, 264, 266, 273, 274, 275], "excluded_lines": []}}}, "src/api/routers/files.py": {"executed_lines": [1, 3, 4, 6, 7, 8, 9, 10, 12, 13, 14, 15, 16, 17, 26, 27, 30, 31, 32, 33, 34, 35, 36, 37, 38, 39, 40, 41, 42, 43, 44, 47, 48, 49, 50, 53, 54, 55, 56, 57, 58, 61, 62, 63, 64, 65, 68, 69, 82, 86, 89, 103, 114, 115, 117, 119, 121, 123, 135, 136, 147, 148, 159, 160, 167, 174, 175, 176, 178, 181, 183, 184, 189, 192, 193, 202, 203, 267, 268, 307, 308, 370, 371, 398, 399, 428, 429, 529, 530, 621, 622, 736, 737, 748, 749, 758, 759, 773, 774, 782, 783, 792, 793, 821, 822, 842, 843, 885, 886, 891, 893, 899, 904, 905, 962, 963, 1065, 1066], "summary": {"covered_lines": 114, "num_statements": 380, "percent_covered": 30.0, "percent_covered_display": "30", "missing_lines": 266, "excluded_lines": 0}, "missing_lines": [140, 141, 153, 154, 155, 156, 168, 198, 199, 225, 233, 234, 240, 247, 249, 258, 273, 275, 276, 278, 279, 282, 283, 284, 285, 286, 293, 294, 297, 314, 316, 317, 319, 320, 322, 323, 326, 327, 333, 335, 341, 342, 349, 358, 359, 363, 376, 378, 379, 382, 385, 395, 404, 406, 407, 409, 410, 411, 416, 418, 419, 421, 444, 446, 447, 449, 450, 451, 457, 458, 459, 466, 467, 468, 469, 471, 472, 478, 480, 481, 488, 490, 491, 500, 502, 514, 520, 521, 522, 544, 546, 547, 549, 550, 551, 557, 558, 559, 566, 567, 568, 571, 572, 573, 579, 581, 582, 591, 593, 604, 610, 611, 612, 613, 614, 640, 642, 643, 645, 646, 647, 653, 654, 655, 662, 663, 664, 666, 667, 670, 671, 672, 677, 679, 680, 686, 687, 690, 693, 694, 695, 696, 705, 707, 717, 718, 719, 721, 723, 724, 725, 726, 727, 741, 743, 744, 745, 754, 755, 764, 767, 768, 770, 778, 779, 788, 789, 800, 801, 802, 808, 809, 810, 816, 818, 829, 830, 831, 837, 839, 851, 852, 854, 855, 861, 866, 867, 874, 876, 877, 894, 921, 922, 924, 927, 928, 929, 935, 937, 939, 940, 941, 943, 946, 947, 950, 952, 953, 954, 955, 956, 977, 978, 981, 984, 993, 994, 995, 998, 999, 1000, 1003, 1004, 1005, 1011, 1012, 1019, 1020, 1021, 1028, 1029, 1035, 1036, 1037, 1043, 1044, 1050, 1051, 1053, 1055, 1056, 1057, 1058, 1059, 1080, 1081, 1084, 1089, 1099, 1102, 1104, 1105, 1106, 1111, 1112, 1113, 1119, 1120, 1122, 1123, 1128, 1130, 1131, 1132, 1133, 1134], "excluded_lines": [], "functions": {"list_files": {"executed_lines": [82, 86, 89, 103, 114, 115, 117, 119, 121, 123], "summary": {"covered_lines": 10, "num_statements": 10, "percent_covered": 100.0, "percent_covered_display": "100", "missing_lines": 0, "excluded_lines": 0}, "missing_lines": [], "excluded_lines": []}, "get_file_statistics": {"executed_lines": [], "summary": {"covered_lines": 0, "num_statements": 2, "percent_covered": 0.0, "percent_covered_display": "0", "missing_lines": 2, "excluded_lines": 0}, "missing_lines": [140, 141], "excluded_lines": []}, "get_file_by_id": {"executed_lines": [], "summary": {"covered_lines": 0, "num_statements": 4, "percent_covered": 0.0, "percent_covered_display": "0", "missing_lines": 4, "excluded_lines": 0}, "missing_lines": [153, 154, 155, 156], "excluded_lines": []}, "download_file": {"executed_lines": [167, 174, 175, 176, 178, 181, 183, 184, 189], "summary": {"covered_lines": 9, "num_statements": 10, "percent_covered": 90.0, "percent_covered_display": "90", "missing_lines": 1, "excluded_lines": 0}, "missing_lines": [168], "excluded_lines": []}, "sync_printer_files": {"executed_lines": [], "summary": {"covered_lines": 0, "num_statements": 2, "percent_covered": 0.0, "percent_covered_display": "0", "missing_lines": 2, "excluded_lines": 0}, "missing_lines": [198, 199], "excluded_lines": []}, "upload_files": {"executed_lines": [], "summary": {"covered_lines": 0, "num_statements": 7, "percent_covered": 0.0, "percent_covered_display": "0", "missing_lines": 7, "excluded_lines": 0}, "missing_lines": [225, 233, 234, 240, 247, 249, 258], "excluded_lines": []}, "get_file_thumbnail": {"executed_lines": [], "summary": {"covered_lines": 0, "num_statements": 13, "percent_covered": 0.0, "percent_covered_display": "0", "missing_lines": 13, "excluded_lines": 0}, "missing_lines": [273, 275, 276, 278, 279, 282, 283, 284, 285, 286, 293, 294, 297], "excluded_lines": []}, "get_file_animated_thumbnail": {"executed_lines": [], "summary": {"covered_lines": 0, "num_statements": 17, "percent_covered": 0.0, "percent_covered_display": "0", "missing_lines": 17, "excluded_lines": 0}, "missing_lines": [314, 316, 317, 319, 320, 322, 323, 326, 327, 333, 335, 341, 342, 349, 358, 359, 363], "excluded_lines": []}, "get_file_metadata": {"executed_lines": [], "summary": {"covered_lines": 0, "num_statements": 6, "percent_covered": 0.0, "percent_covered_display": "0", "missing_lines": 6, "excluded_lines": 0}, "missing_lines": [376, 378, 379, 382, 385, 395], "excluded_lines": []}, "process_file_thumbnails": {"executed_lines": [], "summary": {"covered_lines": 0, "num_statements": 10, "percent_covered": 0.0, "percent_covered_display": "0", "missing_lines": 10, "excluded_lines": 0}, "missing_lines": [404, 406, 407, 409, 410, 411, 416, 418, 419, 421], "excluded_lines": []}, "extract_file_thumbnail": {"executed_lines": [], "summary": {"covered_lines": 0, "num_statements": 27, "percent_covered": 0.0, "percent_covered_display": "0", "missing_lines": 27, "excluded_lines": 0}, "missing_lines": [444, 446, 447, 449, 450, 451, 457, 458, 459, 466, 467, 468, 469, 471, 472, 478, 480, 481, 488, 490, 491, 500, 502, 514, 520, 521, 522], "excluded_lines": []}, "generate_file_thumbnail": {"executed_lines": [], "summary": {"covered_lines": 0, "num_statements": 26, "percent_covered": 0.0, "percent_covered_display": "0", "missing_lines": 26, "excluded_lines": 0}, "missing_lines": [544, 546, 547, 549, 550, 551, 557, 558, 559, 566, 567, 568, 571, 572, 573, 579, 581, 582, 591, 593, 604, 610, 611, 612, 613, 614], "excluded_lines": []}, "analyze_gcode_file": {"executed_lines": [], "summary": {"covered_lines": 0, "num_statements": 38, "percent_covered": 0.0, "percent_covered_display": "0", "missing_lines": 38, "excluded_lines": 0}, "missing_lines": [640, 642, 643, 645, 646, 647, 653, 654, 655, 662, 663, 664, 666, 667, 670, 671, 672, 677, 679, 680, 686, 687, 690, 693, 694, 695, 696, 705, 707, 717, 718, 719, 721, 723, 724, 725, 726, 727], "excluded_lines": []}, "get_watch_folder_settings": {"executed_lines": [], "summary": {"covered_lines": 0, "num_statements": 4, "percent_covered": 0.0, "percent_covered_display": "0", "missing_lines": 4, "excluded_lines": 0}, "missing_lines": [741, 743, 744, 745], "excluded_lines": []}, "get_watch_folder_status": {"executed_lines": [], "summary": {"covered_lines": 0, "num_statements": 2, "percent_covered": 0.0, "percent_covered_display": "0", "missing_lines": 2, "excluded_lines": 0}, "missing_lines": [754, 755], "excluded_lines": []}, "list_local_files": {"executed_lines": [], "summary": {"covered_lines": 0, "num_statements": 4, "percent_covered": 0.0, "percent_covered_display": "0", "missing_lines": 4, "excluded_lines": 0}, "missing_lines": [764, 767, 768, 770], "excluded_lines": []}, "reload_watch_folders": {"executed_lines": [], "summary": {"covered_lines": 0, "num_statements": 2, "percent_covered": 0.0, "percent_covered_display": "0", "missing_lines": 2, "excluded_lines": 0}, "missing_lines": [778, 779], "excluded_lines": []}, "validate_watch_folder": {"executed_lines": [], "summary": {"covered_lines": 0, "num_statements": 2, "percent_covered": 0.0, "percent_covered_display": "0", "missing_lines": 2, "excluded_lines": 0}, "missing_lines": [788, 789], "excluded_lines": []}, "add_watch_folder": {"executed_lines": [], "summary": {"covered_lines": 0, "num_statements": 8, "percent_covered": 0.0, "percent_covered_display": "0", "missing_lines": 8, "excluded_lines": 0}, "missing_lines": [800, 801, 802, 808, 809, 810, 816, 818], "excluded_lines": []}, "remove_watch_folder": {"executed_lines": [], "summary": {"covered_lines": 0, "num_statements": 5, "percent_covered": 0.0, "percent_covered_display": "0", "missing_lines": 5, "excluded_lines": 0}, "missing_lines": [829, 830, 831, 837, 839], "excluded_lines": []}, "update_watch_folder": {"executed_lines": [], "summary": {"covered_lines": 0, "num_statements": 10, "percent_covered": 0.0, "percent_covered_display": "0", "missing_lines": 10, "excluded_lines": 0}, "missing_lines": [851, 852, 854, 855, 861, 866, 867, 874, 876, 877], "excluded_lines": []}, "delete_file": {"executed_lines": [891, 893, 899], "summary": {"covered_lines": 3, "num_statements": 4, "percent_covered": 75.0, "percent_covered_display": "75", "missing_lines": 1, "excluded_lines": 0}, "missing_lines": [894], "excluded_lines": []}, "get_enhanced_metadata": {"executed_lines": [], "summary": {"covered_lines": 0, "num_statements": 20, "percent_covered": 0.0, "percent_covered_display": "0", "missing_lines": 20, "excluded_lines": 0}, "missing_lines": [921, 922, 924, 927, 928, 929, 935, 937, 939, 940, 941, 943, 946, 947, 950, 952, 953, 954, 955, 956], "excluded_lines": []}, "analyze_file": {"executed_lines": [], "summary": {"covered_lines": 0, "num_statements": 33, "percent_covered": 0.0, "percent_covered_display": "0", "missing_lines": 33, "excluded_lines": 0}, "missing_lines": [977, 978, 981, 984, 993, 994, 995, 998, 999, 1000, 1003, 1004, 1005, 1011, 1012, 1019, 1020, 1021, 1028, 1029, 1035, 1036, 1037, 1043, 1044, 1050, 1051, 1053, 1055, 1056, 1057, 1058, 1059], "excluded_lines": []}, "check_printer_compatibility": {"executed_lines": [], "summary": {"covered_lines": 0, "num_statements": 22, "percent_covered": 0.0, "percent_covered_display": "0", "missing_lines": 22, "excluded_lines": 0}, "missing_lines": [1080, 1081, 1084, 1089, 1099, 1102, 1104, 1105, 1106, 1111, 1112, 1113, 1119, 1120, 1122, 1123, 1128, 1130, 1131, 1132, 1133, 1134], "excluded_lines": []}, "": {"executed_lines": [1, 3, 4, 6, 7, 8, 9, 10, 12, 13, 14, 15, 16, 17, 26, 27, 30, 31, 32, 33, 34, 35, 36, 37, 38, 39, 40, 41, 42, 43, 44, 47, 48, 49, 50, 53, 54, 55, 56, 57, 58, 61, 62, 63, 64, 65, 68, 69, 135, 136, 147, 148, 159, 160, 192, 193, 202, 203, 267, 268, 307, 308, 370, 371, 398, 399, 428, 429, 529, 530, 621, 622, 736, 737, 748, 749, 758, 759, 773, 774, 782, 783, 792, 793, 821, 822, 842, 843, 885, 886, 904, 905, 962, 963, 1065, 1066], "summary": {"covered_lines": 92, "num_statements": 92, "percent_covered": 100.0, "percent_covered_display": "100", "missing_lines": 0, "excluded_lines": 0}, "missing_lines": [], "excluded_lines": []}}, "classes": {"FileResponse": {"executed_lines": [], "summary": {"covered_lines": 0, "num_statements": 0, "percent_covered": 100.0, "percent_covered_display": "100", "missing_lines": 0, "excluded_lines": 0}, "missing_lines": [], "excluded_lines": []}, "PaginationResponse": {"executed_lines": [], "summary": {"covered_lines": 0, "num_statements": 0, "percent_covered": 100.0, "percent_covered_display": "100", "missing_lines": 0, "excluded_lines": 0}, "missing_lines": [], "excluded_lines": []}, "FileListResponse": {"executed_lines": [], "summary": {"covered_lines": 0, "num_statements": 0, "percent_covered": 100.0, "percent_covered_display": "100", "missing_lines": 0, "excluded_lines": 0}, "missing_lines": [], "excluded_lines": []}, "": {"executed_lines": [1, 3, 4, 6, 7, 8, 9, 10, 12, 13, 14, 15, 16, 17, 26, 27, 30, 31, 32, 33, 34, 35, 36, 37, 38, 39, 40, 41, 42, 43, 44, 47, 48, 49, 50, 53, 54, 55, 56, 57, 58, 61, 62, 63, 64, 65, 68, 69, 82, 86, 89, 103, 114, 115, 117, 119, 121, 123, 135, 136, 147, 148, 159, 160, 167, 174, 175, 176, 178, 181, 183, 184, 189, 192, 193, 202, 203, 267, 268, 307, 308, 370, 371, 398, 399, 428, 429, 529, 530, 621, 622, 736, 737, 748, 749, 758, 759, 773, 774, 782, 783, 792, 793, 821, 822, 842, 843, 885, 886, 891, 893, 899, 904, 905, 962, 963, 1065, 1066], "summary": {"covered_lines": 114, "num_statements": 380, "percent_covered": 30.0, "percent_covered_display": "30", "missing_lines": 266, "excluded_lines": 0}, "missing_lines": [140, 141, 153, 154, 155, 156, 168, 198, 199, 225, 233, 234, 240, 247, 249, 258, 273, 275, 276, 278, 279, 282, 283, 284, 285, 286, 293, 294, 297, 314, 316, 317, 319, 320, 322, 323, 326, 327, 333, 335, 341, 342, 349, 358, 359, 363, 376, 378, 379, 382, 385, 395, 404, 406, 407, 409, 410, 411, 416, 418, 419, 421, 444, 446, 447, 449, 450, 451, 457, 458, 459, 466, 467, 468, 469, 471, 472, 478, 480, 481, 488, 490, 491, 500, 502, 514, 520, 521, 522, 544, 546, 547, 549, 550, 551, 557, 558, 559, 566, 567, 568, 571, 572, 573, 579, 581, 582, 591, 593, 604, 610, 611, 612, 613, 614, 640, 642, 643, 645, 646, 647, 653, 654, 655, 662, 663, 664, 666, 667, 670, 671, 672, 677, 679, 680, 686, 687, 690, 693, 694, 695, 696, 705, 707, 717, 718, 719, 721, 723, 724, 725, 726, 727, 741, 743, 744, 745, 754, 755, 764, 767, 768, 770, 778, 779, 788, 789, 800, 801, 802, 808, 809, 810, 816, 818, 829, 830, 831, 837, 839, 851, 852, 854, 855, 861, 866, 867, 874, 876, 877, 894, 921, 922, 924, 927, 928, 929, 935, 937, 939, 940, 941, 943, 946, 947, 950, 952, 953, 954, 955, 956, 977, 978, 981, 984, 993, 994, 995, 998, 999, 1000, 1003, 1004, 1005, 1011, 1012, 1019, 1020, 1021, 1028, 1029, 1035, 1036, 1037, 1043, 1044, 1050, 1051, 1053, 1055, 1056, 1057, 1058, 1059, 1080, 1081, 1084, 1089, 1099, 1102, 1104, 1105, 1106, 1111, 1112, 1113, 1119, 1120, 1122, 1123, 1128, 1130, 1131, 1132, 1133, 1134], "excluded_lines": []}}}, "src/api/routers/health.py": {"executed_lines": [1, 3, 4, 5, 7, 8, 9, 10, 12, 13, 14, 17, 18, 21, 22, 23, 24, 25, 28, 29, 30, 31, 32, 33, 34, 35, 36, 39, 40, 41, 42, 43, 44, 45, 46, 49, 50, 59, 61, 64, 65, 66, 67, 70, 73, 80, 81, 82, 83, 99, 100, 108, 109, 110, 111, 124, 125, 133, 134, 135, 142, 144, 173, 174, 182, 183, 191, 224, 225, 232, 234, 236, 237, 238, 243, 264, 278, 282], "summary": {"covered_lines": 74, "num_statements": 118, "percent_covered": 62.71186440677966, "percent_covered_display": "63", "missing_lines": 44, "excluded_lines": 0}, "missing_lines": [90, 91, 96, 105, 115, 116, 121, 130, 136, 137, 139, 158, 159, 161, 163, 179, 188, 202, 205, 207, 209, 210, 212, 213, 214, 215, 216, 218, 219, 221, 244, 245, 246, 248, 250, 257, 266, 270, 289, 290, 291, 297, 298, 299], "excluded_lines": [], "functions": {"health_check": {"executed_lines": [59, 61, 64, 65, 66, 67, 70, 73, 80, 81, 82, 83, 99, 100, 108, 109, 110, 111, 124, 125, 133, 134, 135, 142, 144], "summary": {"covered_lines": 25, "num_statements": 40, "percent_covered": 62.5, "percent_covered_display": "62", "missing_lines": 15, "excluded_lines": 0}, "missing_lines": [90, 91, 96, 105, 115, 116, 121, 130, 136, 137, 139, 158, 159, 161, 163], "excluded_lines": []}, "readiness_check": {"executed_lines": [], "summary": {"covered_lines": 0, "num_statements": 1, "percent_covered": 0.0, "percent_covered_display": "0", "missing_lines": 1, "excluded_lines": 0}, "missing_lines": [179], "excluded_lines": []}, "liveness_check": {"executed_lines": [], "summary": {"covered_lines": 0, "num_statements": 1, "percent_covered": 0.0, "percent_covered_display": "0", "missing_lines": 1, "excluded_lines": 0}, "missing_lines": [188], "excluded_lines": []}, "_compare_versions": {"executed_lines": [], "summary": {"covered_lines": 0, "num_statements": 4, "percent_covered": 0.0, "percent_covered_display": "0", "missing_lines": 4, "excluded_lines": 0}, "missing_lines": [202, 218, 219, 221], "excluded_lines": []}, "_compare_versions.parse_version": {"executed_lines": [], "summary": {"covered_lines": 0, "num_statements": 9, "percent_covered": 0.0, "percent_covered_display": "0", "missing_lines": 9, "excluded_lines": 0}, "missing_lines": [205, 207, 209, 210, 212, 213, 214, 215, 216], "excluded_lines": []}, "check_for_updates": {"executed_lines": [232, 234, 236, 237, 238, 243, 264, 278, 282], "summary": {"covered_lines": 9, "num_statements": 23, "percent_covered": 39.130434782608695, "percent_covered_display": "39", "missing_lines": 14, "excluded_lines": 0}, "missing_lines": [244, 245, 246, 248, 250, 257, 266, 270, 289, 290, 291, 297, 298, 299], "excluded_lines": []}, "": {"executed_lines": [1, 3, 4, 5, 7, 8, 9, 10, 12, 13, 14, 17, 18, 21, 22, 23, 24, 25, 28, 29, 30, 31, 32, 33, 34, 35, 36, 39, 40, 41, 42, 43, 44, 45, 46, 49, 50, 173, 174, 182, 183, 191, 224, 225], "summary": {"covered_lines": 40, "num_statements": 40, "percent_covered": 100.0, "percent_covered_display": "100", "missing_lines": 0, "excluded_lines": 0}, "missing_lines": [], "excluded_lines": []}}, "classes": {"ServiceHealth": {"executed_lines": [], "summary": {"covered_lines": 0, "num_statements": 0, "percent_covered": 100.0, "percent_covered_display": "100", "missing_lines": 0, "excluded_lines": 0}, "missing_lines": [], "excluded_lines": []}, "HealthResponse": {"executed_lines": [], "summary": {"covered_lines": 0, "num_statements": 0, "percent_covered": 100.0, "percent_covered_display": "100", "missing_lines": 0, "excluded_lines": 0}, "missing_lines": [], "excluded_lines": []}, "UpdateCheckResponse": {"executed_lines": [], "summary": {"covered_lines": 0, "num_statements": 0, "percent_covered": 100.0, "percent_covered_display": "100", "missing_lines": 0, "excluded_lines": 0}, "missing_lines": [], "excluded_lines": []}, "": {"executed_lines": [1, 3, 4, 5, 7, 8, 9, 10, 12, 13, 14, 17, 18, 21, 22, 23, 24, 25, 28, 29, 30, 31, 32, 33, 34, 35, 36, 39, 40, 41, 42, 43, 44, 45, 46, 49, 50, 59, 61, 64, 65, 66, 67, 70, 73, 80, 81, 82, 83, 99, 100, 108, 109, 110, 111, 124, 125, 133, 134, 135, 142, 144, 173, 174, 182, 183, 191, 224, 225, 232, 234, 236, 237, 238, 243, 264, 278, 282], "summary": {"covered_lines": 74, "num_statements": 118, "percent_covered": 62.71186440677966, "percent_covered_display": "63", "missing_lines": 44, "excluded_lines": 0}, "missing_lines": [90, 91, 96, 105, 115, 116, 121, 130, 136, 137, 139, 158, 159, 161, 163, 179, 188, 202, 205, 207, 209, 210, 212, 213, 214, 215, 216, 218, 219, 221, 244, 245, 246, 248, 250, 257, 266, 270, 289, 290, 291, 297, 298, 299], "excluded_lines": []}}}, "src/api/routers/idea_url.py": {"executed_lines": [1, 4, 5, 6, 8, 9, 10, 12, 15, 16, 20, 21, 36, 37, 61, 62], "summary": {"covered_lines": 15, "num_statements": 28, "percent_covered": 53.57142857142857, "percent_covered_display": "54", "missing_lines": 13, "excluded_lines": 0}, "missing_lines": [26, 27, 29, 42, 43, 44, 49, 66, 67, 69, 70, 71, 76], "excluded_lines": [], "functions": {"validate_url": {"executed_lines": [], "summary": {"covered_lines": 0, "num_statements": 3, "percent_covered": 0.0, "percent_covered_display": "0", "missing_lines": 3, "excluded_lines": 0}, "missing_lines": [26, 27, 29], "excluded_lines": []}, "preview_url": {"executed_lines": [], "summary": {"covered_lines": 0, "num_statements": 4, "percent_covered": 0.0, "percent_covered_display": "0", "missing_lines": 4, "excluded_lines": 0}, "missing_lines": [42, 43, 44, 49], "excluded_lines": []}, "get_supported_platforms": {"executed_lines": [], "summary": {"covered_lines": 0, "num_statements": 6, "percent_covered": 0.0, "percent_covered_display": "0", "missing_lines": 6, "excluded_lines": 0}, "missing_lines": [66, 67, 69, 70, 71, 76], "excluded_lines": []}, "": {"executed_lines": [1, 4, 5, 6, 8, 9, 10, 12, 15, 16, 20, 21, 36, 37, 61, 62], "summary": {"covered_lines": 15, "num_statements": 15, "percent_covered": 100.0, "percent_covered_display": "100", "missing_lines": 0, "excluded_lines": 0}, "missing_lines": [], "excluded_lines": []}}, "classes": {"UrlPreviewRequest": {"executed_lines": [], "summary": {"covered_lines": 0, "num_statements": 0, "percent_covered": 100.0, "percent_covered_display": "100", "missing_lines": 0, "excluded_lines": 0}, "missing_lines": [], "excluded_lines": []}, "": {"executed_lines": [1, 4, 5, 6, 8, 9, 10, 12, 15, 16, 20, 21, 36, 37, 61, 62], "summary": {"covered_lines": 15, "num_statements": 28, "percent_covered": 53.57142857142857, "percent_covered_display": "54", "missing_lines": 13, "excluded_lines": 0}, "missing_lines": [26, 27, 29, 42, 43, 44, 49, 66, 67, 69, 70, 71, 76], "excluded_lines": []}}}, "src/api/routers/ideas.py": {"executed_lines": [1, 4, 5, 6, 7, 9, 10, 11, 12, 13, 19, 23, 24, 42, 43, 44, 45, 46, 47, 48, 49, 50, 51, 52, 53, 54, 57, 58, 76, 77, 78, 79, 80, 81, 82, 83, 84, 85, 86, 89, 90, 96, 99, 100, 112, 113, 114, 115, 116, 117, 118, 121, 122, 131, 132, 133, 134, 138, 139, 158, 159, 183, 184, 196, 197, 221, 222, 242, 243, 264, 265, 282, 283, 290, 291, 298, 299, 319, 320, 336, 337, 354, 355], "summary": {"covered_lines": 77, "num_statements": 148, "percent_covered": 52.027027027027025, "percent_covered_display": "52", "missing_lines": 71, "excluded_lines": 0}, "missing_lines": [144, 145, 146, 147, 152, 154, 155, 169, 170, 171, 172, 173, 174, 175, 176, 177, 179, 180, 189, 190, 191, 193, 204, 205, 206, 209, 210, 212, 213, 218, 228, 229, 230, 232, 233, 234, 239, 250, 251, 252, 254, 255, 256, 261, 270, 271, 273, 274, 279, 287, 295, 307, 308, 309, 310, 311, 312, 313, 315, 326, 327, 332, 333, 343, 345, 346, 351, 361, 363, 364, 369], "excluded_lines": [], "functions": {"create_idea": {"executed_lines": [], "summary": {"covered_lines": 0, "num_statements": 7, "percent_covered": 0.0, "percent_covered_display": "0", "missing_lines": 7, "excluded_lines": 0}, "missing_lines": [144, 145, 146, 147, 152, 154, 155], "excluded_lines": []}, "list_ideas": {"executed_lines": [], "summary": {"covered_lines": 0, "num_statements": 11, "percent_covered": 0.0, "percent_covered_display": "0", "missing_lines": 11, "excluded_lines": 0}, "missing_lines": [169, 170, 171, 172, 173, 174, 175, 176, 177, 179, 180], "excluded_lines": []}, "get_idea": {"executed_lines": [], "summary": {"covered_lines": 0, "num_statements": 4, "percent_covered": 0.0, "percent_covered_display": "0", "missing_lines": 4, "excluded_lines": 0}, "missing_lines": [189, 190, 191, 193], "excluded_lines": []}, "update_idea": {"executed_lines": [], "summary": {"covered_lines": 0, "num_statements": 8, "percent_covered": 0.0, "percent_covered_display": "0", "missing_lines": 8, "excluded_lines": 0}, "missing_lines": [204, 205, 206, 209, 210, 212, 213, 218], "excluded_lines": []}, "delete_idea": {"executed_lines": [], "summary": {"covered_lines": 0, "num_statements": 7, "percent_covered": 0.0, "percent_covered_display": "0", "missing_lines": 7, "excluded_lines": 0}, "missing_lines": [228, 229, 230, 232, 233, 234, 239], "excluded_lines": []}, "update_idea_status": {"executed_lines": [], "summary": {"covered_lines": 0, "num_statements": 7, "percent_covered": 0.0, "percent_covered_display": "0", "missing_lines": 7, "excluded_lines": 0}, "missing_lines": [250, 251, 252, 254, 255, 256, 261], "excluded_lines": []}, "import_idea_from_url": {"executed_lines": [], "summary": {"covered_lines": 0, "num_statements": 5, "percent_covered": 0.0, "percent_covered_display": "0", "missing_lines": 5, "excluded_lines": 0}, "missing_lines": [270, 271, 273, 274, 279], "excluded_lines": []}, "get_all_tags": {"executed_lines": [], "summary": {"covered_lines": 0, "num_statements": 1, "percent_covered": 0.0, "percent_covered_display": "0", "missing_lines": 1, "excluded_lines": 0}, "missing_lines": [287], "excluded_lines": []}, "get_idea_statistics": {"executed_lines": [], "summary": {"covered_lines": 0, "num_statements": 1, "percent_covered": 0.0, "percent_covered_display": "0", "missing_lines": 1, "excluded_lines": 0}, "missing_lines": [295], "excluded_lines": []}, "search_ideas": {"executed_lines": [], "summary": {"covered_lines": 0, "num_statements": 8, "percent_covered": 0.0, "percent_covered_display": "0", "missing_lines": 8, "excluded_lines": 0}, "missing_lines": [307, 308, 309, 310, 311, 312, 313, 315], "excluded_lines": []}, "get_trending_models": {"executed_lines": [], "summary": {"covered_lines": 0, "num_statements": 4, "percent_covered": 0.0, "percent_covered_display": "0", "missing_lines": 4, "excluded_lines": 0}, "missing_lines": [326, 327, 332, 333], "excluded_lines": []}, "save_trending_as_idea": {"executed_lines": [], "summary": {"covered_lines": 0, "num_statements": 4, "percent_covered": 0.0, "percent_covered_display": "0", "missing_lines": 4, "excluded_lines": 0}, "missing_lines": [343, 345, 346, 351], "excluded_lines": []}, "refresh_trending_cache": {"executed_lines": [], "summary": {"covered_lines": 0, "num_statements": 4, "percent_covered": 0.0, "percent_covered_display": "0", "missing_lines": 4, "excluded_lines": 0}, "missing_lines": [361, 363, 364, 369], "excluded_lines": []}, "": {"executed_lines": [1, 4, 5, 6, 7, 9, 10, 11, 12, 13, 19, 23, 24, 42, 43, 44, 45, 46, 47, 48, 49, 50, 51, 52, 53, 54, 57, 58, 76, 77, 78, 79, 80, 81, 82, 83, 84, 85, 86, 89, 90, 96, 99, 100, 112, 113, 114, 115, 116, 117, 118, 121, 122, 131, 132, 133, 134, 138, 139, 158, 159, 183, 184, 196, 197, 221, 222, 242, 243, 264, 265, 282, 283, 290, 291, 298, 299, 319, 320, 336, 337, 354, 355], "summary": {"covered_lines": 77, "num_statements": 77, "percent_covered": 100.0, "percent_covered_display": "100", "missing_lines": 0, "excluded_lines": 0}, "missing_lines": [], "excluded_lines": []}}, "classes": {"IdeaCreate": {"executed_lines": [], "summary": {"covered_lines": 0, "num_statements": 0, "percent_covered": 100.0, "percent_covered_display": "100", "missing_lines": 0, "excluded_lines": 0}, "missing_lines": [], "excluded_lines": []}, "IdeaUpdate": {"executed_lines": [], "summary": {"covered_lines": 0, "num_statements": 0, "percent_covered": 100.0, "percent_covered_display": "100", "missing_lines": 0, "excluded_lines": 0}, "missing_lines": [], "excluded_lines": []}, "IdeaStatusUpdate": {"executed_lines": [], "summary": {"covered_lines": 0, "num_statements": 0, "percent_covered": 100.0, "percent_covered_display": "100", "missing_lines": 0, "excluded_lines": 0}, "missing_lines": [], "excluded_lines": []}, "IdeaImport": {"executed_lines": [], "summary": {"covered_lines": 0, "num_statements": 0, "percent_covered": 100.0, "percent_covered_display": "100", "missing_lines": 0, "excluded_lines": 0}, "missing_lines": [], "excluded_lines": []}, "TrendingSave": {"executed_lines": [], "summary": {"covered_lines": 0, "num_statements": 0, "percent_covered": 100.0, "percent_covered_display": "100", "missing_lines": 0, "excluded_lines": 0}, "missing_lines": [], "excluded_lines": []}, "": {"executed_lines": [1, 4, 5, 6, 7, 9, 10, 11, 12, 13, 19, 23, 24, 42, 43, 44, 45, 46, 47, 48, 49, 50, 51, 52, 53, 54, 57, 58, 76, 77, 78, 79, 80, 81, 82, 83, 84, 85, 86, 89, 90, 96, 99, 100, 112, 113, 114, 115, 116, 117, 118, 121, 122, 131, 132, 133, 134, 138, 139, 158, 159, 183, 184, 196, 197, 221, 222, 242, 243, 264, 265, 282, 283, 290, 291, 298, 299, 319, 320, 336, 337, 354, 355], "summary": {"covered_lines": 77, "num_statements": 148, "percent_covered": 52.027027027027025, "percent_covered_display": "52", "missing_lines": 71, "excluded_lines": 0}, "missing_lines": [144, 145, 146, 147, 152, 154, 155, 169, 170, 171, 172, 173, 174, 175, 176, 177, 179, 180, 189, 190, 191, 193, 204, 205, 206, 209, 210, 212, 213, 218, 228, 229, 230, 232, 233, 234, 239, 250, 251, 252, 254, 255, 256, 261, 270, 271, 273, 274, 279, 287, 295, 307, 308, 309, 310, 311, 312, 313, 315, 326, 327, 332, 333, 343, 345, 346, 351, 361, 363, 364, 369], "excluded_lines": []}}}, "src/api/routers/jobs.py": {"executed_lines": [1, 3, 4, 5, 7, 8, 9, 11, 12, 13, 14, 21, 22, 25, 26, 27, 28, 29, 30, 33, 34, 35, 36, 37, 38, 39, 40, 41, 42, 43, 44, 45, 46, 47, 48, 49, 50, 51, 54, 55, 56, 57, 59, 60, 61, 66, 67, 68, 69, 70, 73, 97, 98, 146, 147, 170, 171, 183, 184, 230, 231], "summary": {"covered_lines": 56, "num_statements": 99, "percent_covered": 56.56565656565657, "percent_covered_display": "57", "missing_lines": 43, "excluded_lines": 0}, "missing_lines": [76, 79, 80, 83, 84, 85, 88, 89, 91, 92, 94, 108, 111, 121, 128, 129, 132, 134, 152, 153, 154, 155, 157, 161, 162, 164, 176, 177, 178, 180, 199, 200, 201, 204, 207, 208, 214, 220, 222, 224, 236, 237, 238], "excluded_lines": [], "functions": {"_transform_job_to_response": {"executed_lines": [], "summary": {"covered_lines": 0, "num_statements": 11, "percent_covered": 0.0, "percent_covered_display": "0", "missing_lines": 11, "excluded_lines": 0}, "missing_lines": [76, 79, 80, 83, 84, 85, 88, 89, 91, 92, 94], "excluded_lines": []}, "list_jobs": {"executed_lines": [], "summary": {"covered_lines": 0, "num_statements": 7, "percent_covered": 0.0, "percent_covered_display": "0", "missing_lines": 7, "excluded_lines": 0}, "missing_lines": [108, 111, 121, 128, 129, 132, 134], "excluded_lines": []}, "create_job": {"executed_lines": [], "summary": {"covered_lines": 0, "num_statements": 8, "percent_covered": 0.0, "percent_covered_display": "0", "missing_lines": 8, "excluded_lines": 0}, "missing_lines": [152, 153, 154, 155, 157, 161, 162, 164], "excluded_lines": []}, "get_job": {"executed_lines": [], "summary": {"covered_lines": 0, "num_statements": 4, "percent_covered": 0.0, "percent_covered_display": "0", "missing_lines": 4, "excluded_lines": 0}, "missing_lines": [176, 177, 178, 180], "excluded_lines": []}, "cancel_job": {"executed_lines": [], "summary": {"covered_lines": 0, "num_statements": 10, "percent_covered": 0.0, "percent_covered_display": "0", "missing_lines": 10, "excluded_lines": 0}, "missing_lines": [199, 200, 201, 204, 207, 208, 214, 220, 222, 224], "excluded_lines": []}, "delete_job": {"executed_lines": [], "summary": {"covered_lines": 0, "num_statements": 3, "percent_covered": 0.0, "percent_covered_display": "0", "missing_lines": 3, "excluded_lines": 0}, "missing_lines": [236, 237, 238], "excluded_lines": []}, "": {"executed_lines": [1, 3, 4, 5, 7, 8, 9, 11, 12, 13, 14, 21, 22, 25, 26, 27, 28, 29, 30, 33, 34, 35, 36, 37, 38, 39, 40, 41, 42, 43, 44, 45, 46, 47, 48, 49, 50, 51, 54, 55, 56, 57, 59, 60, 61, 66, 67, 68, 69, 70, 73, 97, 98, 146, 147, 170, 171, 183, 184, 230, 231], "summary": {"covered_lines": 56, "num_statements": 56, "percent_covered": 100.0, "percent_covered_display": "100", "missing_lines": 0, "excluded_lines": 0}, "missing_lines": [], "excluded_lines": []}}, "classes": {"PaginationResponse": {"executed_lines": [], "summary": {"covered_lines": 0, "num_statements": 0, "percent_covered": 100.0, "percent_covered_display": "100", "missing_lines": 0, "excluded_lines": 0}, "missing_lines": [], "excluded_lines": []}, "JobResponse": {"executed_lines": [], "summary": {"covered_lines": 0, "num_statements": 0, "percent_covered": 100.0, "percent_covered_display": "100", "missing_lines": 0, "excluded_lines": 0}, "missing_lines": [], "excluded_lines": []}, "JobResponse.Config": {"executed_lines": [], "summary": {"covered_lines": 0, "num_statements": 0, "percent_covered": 100.0, "percent_covered_display": "100", "missing_lines": 0, "excluded_lines": 0}, "missing_lines": [], "excluded_lines": []}, "JobListResponse": {"executed_lines": [], "summary": {"covered_lines": 0, "num_statements": 0, "percent_covered": 100.0, "percent_covered_display": "100", "missing_lines": 0, "excluded_lines": 0}, "missing_lines": [], "excluded_lines": []}, "": {"executed_lines": [1, 3, 4, 5, 7, 8, 9, 11, 12, 13, 14, 21, 22, 25, 26, 27, 28, 29, 30, 33, 34, 35, 36, 37, 38, 39, 40, 41, 42, 43, 44, 45, 46, 47, 48, 49, 50, 51, 54, 55, 56, 57, 59, 60, 61, 66, 67, 68, 69, 70, 73, 97, 98, 146, 147, 170, 171, 183, 184, 230, 231], "summary": {"covered_lines": 56, "num_statements": 99, "percent_covered": 56.56565656565657, "percent_covered_display": "57", "missing_lines": 43, "excluded_lines": 0}, "missing_lines": [76, 79, 80, 83, 84, 85, 88, 89, 91, 92, 94, 108, 111, 121, 128, 129, 132, 134, 152, 153, 154, 155, 157, 161, 162, 164, 176, 177, 178, 180, 199, 200, 201, 204, 207, 208, 214, 220, 222, 224, 236, 237, 238], "excluded_lines": []}}}, "src/api/routers/library.py": {"executed_lines": [1, 6, 7, 8, 9, 10, 12, 20, 23, 27, 28, 29, 30, 31, 32, 33, 34, 35, 36, 37, 38, 39, 40, 41, 44, 45, 46, 47, 48, 49, 50, 51, 52, 53, 54, 55, 56, 57, 58, 59, 60, 61, 62, 63, 64, 65, 66, 67, 68, 69, 70, 71, 72, 73, 74, 75, 76, 77, 80, 82, 83, 86, 87, 88, 89, 92, 93, 94, 95, 96, 97, 98, 99, 100, 101, 102, 103, 106, 107, 108, 109, 110, 113, 114, 115, 116, 117, 120, 121, 123, 125, 127, 129, 131, 133, 135, 137, 138, 142, 150, 151, 229, 230, 257, 258, 310, 311, 362, 363, 403, 404, 459, 460, 641, 642, 703, 704], "summary": {"covered_lines": 110, "num_statements": 322, "percent_covered": 34.161490683229815, "percent_covered_display": "34", "missing_lines": 212, "excluded_lines": 0}, "missing_lines": [144, 145, 146, 147, 194, 195, 196, 197, 198, 199, 200, 201, 202, 203, 204, 205, 206, 207, 208, 209, 210, 211, 212, 213, 214, 215, 216, 217, 218, 221, 223, 249, 251, 252, 254, 289, 290, 291, 294, 296, 297, 303, 341, 342, 343, 346, 348, 349, 355, 386, 389, 419, 421, 422, 430, 431, 439, 441, 449, 450, 451, 496, 499, 500, 501, 504, 505, 506, 508, 509, 511, 514, 520, 521, 522, 523, 524, 525, 526, 527, 528, 529, 530, 531, 532, 533, 534, 537, 538, 539, 540, 541, 542, 543, 544, 545, 546, 547, 548, 549, 550, 551, 552, 553, 554, 555, 556, 557, 558, 559, 560, 561, 564, 565, 566, 567, 568, 569, 570, 571, 572, 573, 574, 575, 576, 577, 578, 581, 582, 583, 584, 585, 586, 587, 588, 589, 592, 593, 594, 595, 596, 597, 598, 599, 600, 601, 602, 605, 606, 607, 608, 609, 610, 611, 612, 613, 614, 615, 616, 617, 618, 619, 620, 621, 624, 625, 632, 634, 638, 663, 664, 667, 668, 669, 672, 673, 676, 677, 679, 680, 682, 684, 692, 693, 696, 740, 743, 744, 745, 748, 754, 755, 758, 759, 760, 761, 762, 764, 769, 770, 778, 779, 780, 781, 783, 784, 785, 786, 791, 792, 794, 798], "excluded_lines": [], "functions": {"get_library_service": {"executed_lines": [], "summary": {"covered_lines": 0, "num_statements": 4, "percent_covered": 0.0, "percent_covered_display": "0", "missing_lines": 4, "excluded_lines": 0}, "missing_lines": [144, 145, 146, 147], "excluded_lines": []}, "list_library_files": {"executed_lines": [], "summary": {"covered_lines": 0, "num_statements": 27, "percent_covered": 0.0, "percent_covered_display": "0", "missing_lines": 27, "excluded_lines": 0}, "missing_lines": [194, 195, 196, 197, 198, 199, 200, 201, 202, 203, 204, 205, 206, 207, 208, 209, 210, 211, 212, 213, 214, 215, 216, 217, 218, 221, 223], "excluded_lines": []}, "get_library_file": {"executed_lines": [], "summary": {"covered_lines": 0, "num_statements": 4, "percent_covered": 0.0, "percent_covered_display": "0", "missing_lines": 4, "excluded_lines": 0}, "missing_lines": [249, 251, 252, 254], "excluded_lines": []}, "reprocess_library_file": {"executed_lines": [], "summary": {"covered_lines": 0, "num_statements": 7, "percent_covered": 0.0, "percent_covered_display": "0", "missing_lines": 7, "excluded_lines": 0}, "missing_lines": [289, 290, 291, 294, 296, 297, 303], "excluded_lines": []}, "delete_library_file": {"executed_lines": [], "summary": {"covered_lines": 0, "num_statements": 7, "percent_covered": 0.0, "percent_covered_display": "0", "missing_lines": 7, "excluded_lines": 0}, "missing_lines": [341, 342, 343, 346, 348, 349, 355], "excluded_lines": []}, "get_library_statistics": {"executed_lines": [], "summary": {"covered_lines": 0, "num_statements": 2, "percent_covered": 0.0, "percent_covered_display": "0", "missing_lines": 2, "excluded_lines": 0}, "missing_lines": [386, 389], "excluded_lines": []}, "library_health_check": {"executed_lines": [], "summary": {"covered_lines": 0, "num_statements": 10, "percent_covered": 0.0, "percent_covered_display": "0", "missing_lines": 10, "excluded_lines": 0}, "missing_lines": [419, 421, 422, 430, 431, 439, 441, 449, 450, 451], "excluded_lines": []}, "get_library_file_metadata": {"executed_lines": [], "summary": {"covered_lines": 0, "num_statements": 108, "percent_covered": 0.0, "percent_covered_display": "0", "missing_lines": 108, "excluded_lines": 0}, "missing_lines": [496, 499, 500, 501, 504, 505, 506, 508, 509, 511, 514, 520, 521, 522, 523, 524, 525, 526, 527, 528, 529, 530, 531, 532, 533, 534, 537, 538, 539, 540, 541, 542, 543, 544, 545, 546, 547, 548, 549, 550, 551, 552, 553, 554, 555, 556, 557, 558, 559, 560, 561, 564, 565, 566, 567, 568, 569, 570, 571, 572, 573, 574, 575, 576, 577, 578, 581, 582, 583, 584, 585, 586, 587, 588, 589, 592, 593, 594, 595, 596, 597, 598, 599, 600, 601, 602, 605, 606, 607, 608, 609, 610, 611, 612, 613, 614, 615, 616, 617, 618, 619, 620, 621, 624, 625, 632, 634, 638], "excluded_lines": []}, "get_library_file_thumbnail": {"executed_lines": [], "summary": {"covered_lines": 0, "num_statements": 16, "percent_covered": 0.0, "percent_covered_display": "0", "missing_lines": 16, "excluded_lines": 0}, "missing_lines": [663, 664, 667, 668, 669, 672, 673, 676, 677, 679, 680, 682, 684, 692, 693, 696], "excluded_lines": []}, "bulk_reanalyze_library": {"executed_lines": [], "summary": {"covered_lines": 0, "num_statements": 27, "percent_covered": 0.0, "percent_covered_display": "0", "missing_lines": 27, "excluded_lines": 0}, "missing_lines": [740, 743, 744, 745, 748, 754, 755, 758, 759, 760, 761, 762, 764, 769, 770, 778, 779, 780, 781, 783, 784, 785, 786, 791, 792, 794, 798], "excluded_lines": []}, "": {"executed_lines": [1, 6, 7, 8, 9, 10, 12, 20, 23, 27, 28, 29, 30, 31, 32, 33, 34, 35, 36, 37, 38, 39, 40, 41, 44, 45, 46, 47, 48, 49, 50, 51, 52, 53, 54, 55, 56, 57, 58, 59, 60, 61, 62, 63, 64, 65, 66, 67, 68, 69, 70, 71, 72, 73, 74, 75, 76, 77, 80, 82, 83, 86, 87, 88, 89, 92, 93, 94, 95, 96, 97, 98, 99, 100, 101, 102, 103, 106, 107, 108, 109, 110, 113, 114, 115, 116, 117, 120, 121, 123, 125, 127, 129, 131, 133, 135, 137, 138, 142, 150, 151, 229, 230, 257, 258, 310, 311, 362, 363, 403, 404, 459, 460, 641, 642, 703, 704], "summary": {"covered_lines": 110, "num_statements": 110, "percent_covered": 100.0, "percent_covered_display": "100", "missing_lines": 0, "excluded_lines": 0}, "missing_lines": [], "excluded_lines": []}}, "classes": {"LibraryFileResponse": {"executed_lines": [], "summary": {"covered_lines": 0, "num_statements": 0, "percent_covered": 100.0, "percent_covered_display": "100", "missing_lines": 0, "excluded_lines": 0}, "missing_lines": [], "excluded_lines": []}, "LibraryFileResponse.Config": {"executed_lines": [], "summary": {"covered_lines": 0, "num_statements": 0, "percent_covered": 100.0, "percent_covered_display": "100", "missing_lines": 0, "excluded_lines": 0}, "missing_lines": [], "excluded_lines": []}, "LibraryFileListResponse": {"executed_lines": [], "summary": {"covered_lines": 0, "num_statements": 0, "percent_covered": 100.0, "percent_covered_display": "100", "missing_lines": 0, "excluded_lines": 0}, "missing_lines": [], "excluded_lines": []}, "LibraryStatsResponse": {"executed_lines": [], "summary": {"covered_lines": 0, "num_statements": 0, "percent_covered": 100.0, "percent_covered_display": "100", "missing_lines": 0, "excluded_lines": 0}, "missing_lines": [], "excluded_lines": []}, "ReprocessResponse": {"executed_lines": [], "summary": {"covered_lines": 0, "num_statements": 0, "percent_covered": 100.0, "percent_covered_display": "100", "missing_lines": 0, "excluded_lines": 0}, "missing_lines": [], "excluded_lines": []}, "DeleteResponse": {"executed_lines": [], "summary": {"covered_lines": 0, "num_statements": 0, "percent_covered": 100.0, "percent_covered_display": "100", "missing_lines": 0, "excluded_lines": 0}, "missing_lines": [], "excluded_lines": []}, "LibraryMetadataResponse": {"executed_lines": [], "summary": {"covered_lines": 0, "num_statements": 0, "percent_covered": 100.0, "percent_covered_display": "100", "missing_lines": 0, "excluded_lines": 0}, "missing_lines": [], "excluded_lines": []}, "": {"executed_lines": [1, 6, 7, 8, 9, 10, 12, 20, 23, 27, 28, 29, 30, 31, 32, 33, 34, 35, 36, 37, 38, 39, 40, 41, 44, 45, 46, 47, 48, 49, 50, 51, 52, 53, 54, 55, 56, 57, 58, 59, 60, 61, 62, 63, 64, 65, 66, 67, 68, 69, 70, 71, 72, 73, 74, 75, 76, 77, 80, 82, 83, 86, 87, 88, 89, 92, 93, 94, 95, 96, 97, 98, 99, 100, 101, 102, 103, 106, 107, 108, 109, 110, 113, 114, 115, 116, 117, 120, 121, 123, 125, 127, 129, 131, 133, 135, 137, 138, 142, 150, 151, 229, 230, 257, 258, 310, 311, 362, 363, 403, 404, 459, 460, 641, 642, 703, 704], "summary": {"covered_lines": 110, "num_statements": 322, "percent_covered": 34.161490683229815, "percent_covered_display": "34", "missing_lines": 212, "excluded_lines": 0}, "missing_lines": [144, 145, 146, 147, 194, 195, 196, 197, 198, 199, 200, 201, 202, 203, 204, 205, 206, 207, 208, 209, 210, 211, 212, 213, 214, 215, 216, 217, 218, 221, 223, 249, 251, 252, 254, 289, 290, 291, 294, 296, 297, 303, 341, 342, 343, 346, 348, 349, 355, 386, 389, 419, 421, 422, 430, 431, 439, 441, 449, 450, 451, 496, 499, 500, 501, 504, 505, 506, 508, 509, 511, 514, 520, 521, 522, 523, 524, 525, 526, 527, 528, 529, 530, 531, 532, 533, 534, 537, 538, 539, 540, 541, 542, 543, 544, 545, 546, 547, 548, 549, 550, 551, 552, 553, 554, 555, 556, 557, 558, 559, 560, 561, 564, 565, 566, 567, 568, 569, 570, 571, 572, 573, 574, 575, 576, 577, 578, 581, 582, 583, 584, 585, 586, 587, 588, 589, 592, 593, 594, 595, 596, 597, 598, 599, 600, 601, 602, 605, 606, 607, 608, 609, 610, 611, 612, 613, 614, 615, 616, 617, 618, 619, 620, 621, 624, 625, 632, 634, 638, 663, 664, 667, 668, 669, 672, 673, 676, 677, 679, 680, 682, 684, 692, 693, 696, 740, 743, 744, 745, 748, 754, 755, 758, 759, 760, 761, 762, 764, 769, 770, 778, 779, 780, 781, 783, 784, 785, 786, 791, 792, 794, 798], "excluded_lines": []}}}, "src/api/routers/materials.py": {"executed_lines": [1, 6, 7, 8, 9, 11, 12, 13, 15, 26, 27, 28, 35, 38, 39, 40, 41, 42, 43, 44, 45, 46, 47, 48, 49, 50, 51, 52, 53, 54, 55, 58, 59, 60, 61, 62, 63, 64, 65, 68, 69, 115, 116, 123, 124, 133, 134, 149, 150, 173, 174, 203, 204, 234, 235, 265, 266, 296, 297, 308, 309], "summary": {"covered_lines": 58, "num_statements": 106, "percent_covered": 54.716981132075475, "percent_covered_display": "55", "missing_lines": 48, "excluded_lines": 0}, "missing_lines": [78, 81, 82, 83, 84, 85, 86, 87, 88, 89, 90, 92, 120, 126, 140, 141, 146, 155, 156, 158, 159, 160, 161, 168, 170, 179, 180, 181, 183, 209, 210, 212, 230, 231, 241, 242, 243, 245, 271, 272, 281, 292, 293, 302, 303, 304, 305, 318], "excluded_lines": [], "functions": {"get_materials": {"executed_lines": [], "summary": {"covered_lines": 0, "num_statements": 12, "percent_covered": 0.0, "percent_covered_display": "0", "missing_lines": 12, "excluded_lines": 0}, "missing_lines": [78, 81, 82, 83, 84, 85, 86, 87, 88, 89, 90, 92], "excluded_lines": []}, "get_material_stats": {"executed_lines": [], "summary": {"covered_lines": 0, "num_statements": 1, "percent_covered": 0.0, "percent_covered_display": "0", "missing_lines": 1, "excluded_lines": 0}, "missing_lines": [120], "excluded_lines": []}, "get_material_types": {"executed_lines": [], "summary": {"covered_lines": 0, "num_statements": 1, "percent_covered": 0.0, "percent_covered_display": "0", "missing_lines": 1, "excluded_lines": 0}, "missing_lines": [126], "excluded_lines": []}, "get_consumption_report": {"executed_lines": [], "summary": {"covered_lines": 0, "num_statements": 3, "percent_covered": 0.0, "percent_covered_display": "0", "missing_lines": 3, "excluded_lines": 0}, "missing_lines": [140, 141, 146], "excluded_lines": []}, "export_inventory": {"executed_lines": [], "summary": {"covered_lines": 0, "num_statements": 8, "percent_covered": 0.0, "percent_covered_display": "0", "missing_lines": 8, "excluded_lines": 0}, "missing_lines": [155, 156, 158, 159, 160, 161, 168, 170], "excluded_lines": []}, "get_material": {"executed_lines": [], "summary": {"covered_lines": 0, "num_statements": 4, "percent_covered": 0.0, "percent_covered_display": "0", "missing_lines": 4, "excluded_lines": 0}, "missing_lines": [179, 180, 181, 183], "excluded_lines": []}, "create_material": {"executed_lines": [], "summary": {"covered_lines": 0, "num_statements": 5, "percent_covered": 0.0, "percent_covered_display": "0", "missing_lines": 5, "excluded_lines": 0}, "missing_lines": [209, 210, 212, 230, 231], "excluded_lines": []}, "update_material": {"executed_lines": [], "summary": {"covered_lines": 0, "num_statements": 4, "percent_covered": 0.0, "percent_covered_display": "0", "missing_lines": 4, "excluded_lines": 0}, "missing_lines": [241, 242, 243, 245], "excluded_lines": []}, "record_consumption": {"executed_lines": [], "summary": {"covered_lines": 0, "num_statements": 5, "percent_covered": 0.0, "percent_covered_display": "0", "missing_lines": 5, "excluded_lines": 0}, "missing_lines": [271, 272, 281, 292, 293], "excluded_lines": []}, "delete_material": {"executed_lines": [], "summary": {"covered_lines": 0, "num_statements": 4, "percent_covered": 0.0, "percent_covered_display": "0", "missing_lines": 4, "excluded_lines": 0}, "missing_lines": [302, 303, 304, 305], "excluded_lines": []}, "get_consumption_history": {"executed_lines": [], "summary": {"covered_lines": 0, "num_statements": 1, "percent_covered": 0.0, "percent_covered_display": "0", "missing_lines": 1, "excluded_lines": 0}, "missing_lines": [318], "excluded_lines": []}, "": {"executed_lines": [1, 6, 7, 8, 9, 11, 12, 13, 15, 26, 27, 28, 35, 38, 39, 40, 41, 42, 43, 44, 45, 46, 47, 48, 49, 50, 51, 52, 53, 54, 55, 58, 59, 60, 61, 62, 63, 64, 65, 68, 69, 115, 116, 123, 124, 133, 134, 149, 150, 173, 174, 203, 204, 234, 235, 265, 266, 296, 297, 308, 309], "summary": {"covered_lines": 58, "num_statements": 58, "percent_covered": 100.0, "percent_covered_display": "100", "missing_lines": 0, "excluded_lines": 0}, "missing_lines": [], "excluded_lines": []}}, "classes": {"MaterialResponse": {"executed_lines": [], "summary": {"covered_lines": 0, "num_statements": 0, "percent_covered": 100.0, "percent_covered_display": "100", "missing_lines": 0, "excluded_lines": 0}, "missing_lines": [], "excluded_lines": []}, "ConsumptionRequest": {"executed_lines": [], "summary": {"covered_lines": 0, "num_statements": 0, "percent_covered": 100.0, "percent_covered_display": "100", "missing_lines": 0, "excluded_lines": 0}, "missing_lines": [], "excluded_lines": []}, "": {"executed_lines": [1, 6, 7, 8, 9, 11, 12, 13, 15, 26, 27, 28, 35, 38, 39, 40, 41, 42, 43, 44, 45, 46, 47, 48, 49, 50, 51, 52, 53, 54, 55, 58, 59, 60, 61, 62, 63, 64, 65, 68, 69, 115, 116, 123, 124, 133, 134, 149, 150, 173, 174, 203, 204, 234, 235, 265, 266, 296, 297, 308, 309], "summary": {"covered_lines": 58, "num_statements": 106, "percent_covered": 54.716981132075475, "percent_covered_display": "55", "missing_lines": 48, "excluded_lines": 0}, "missing_lines": [78, 81, 82, 83, 84, 85, 86, 87, 88, 89, 90, 92, 120, 126, 140, 141, 146, 155, 156, 158, 159, 160, 161, 168, 170, 179, 180, 181, 183, 209, 210, 212, 230, 231, 241, 242, 243, 245, 271, 272, 281, 292, 293, 302, 303, 304, 305, 318], "excluded_lines": []}}}, "src/api/routers/printers.py": {"executed_lines": [1, 3, 4, 5, 7, 8, 9, 10, 11, 13, 14, 15, 16, 26, 27, 28, 29, 34, 35, 38, 39, 40, 41, 42, 43, 44, 45, 46, 49, 50, 51, 52, 53, 54, 55, 58, 59, 60, 61, 62, 63, 64, 65, 68, 69, 70, 71, 72, 73, 76, 77, 78, 79, 80, 81, 82, 83, 84, 85, 86, 87, 88, 89, 90, 91, 94, 95, 96, 97, 98, 101, 160, 161, 194, 195, 255, 256, 284, 285, 317, 318, 344, 345, 370, 371, 382, 383, 396, 397, 407, 408, 461, 462, 476, 477, 486, 487, 501, 502, 516, 517, 531, 532, 553, 554, 563, 564, 578, 579, 593, 594, 611, 612], "summary": {"covered_lines": 106, "num_statements": 267, "percent_covered": 39.70037453183521, "percent_covered_display": "40", "missing_lines": 161, "excluded_lines": 0}, "missing_lines": [30, 31, 105, 106, 108, 110, 111, 112, 113, 116, 117, 118, 126, 127, 128, 129, 130, 131, 133, 134, 137, 168, 171, 174, 175, 178, 179, 180, 182, 214, 215, 221, 222, 223, 229, 230, 233, 236, 237, 240, 241, 247, 252, 264, 265, 270, 271, 274, 275, 276, 278, 295, 296, 297, 300, 302, 307, 308, 310, 326, 327, 330, 332, 336, 337, 338, 350, 351, 358, 359, 360, 361, 362, 364, 376, 377, 378, 379, 390, 391, 392, 393, 402, 403, 404, 418, 419, 420, 423, 425, 434, 435, 438, 439, 446, 447, 458, 467, 468, 469, 473, 482, 483, 492, 493, 494, 498, 507, 508, 509, 513, 522, 523, 524, 528, 546, 548, 549, 550, 559, 560, 569, 570, 571, 575, 584, 585, 586, 590, 600, 601, 602, 603, 608, 622, 624, 625, 626, 628, 629, 630, 635, 636, 637, 638, 639, 645, 646, 647, 652, 653, 654, 659, 660, 666, 667, 668, 669, 670, 676, 677], "excluded_lines": [], "functions": {"_printer_to_response": {"executed_lines": [], "summary": {"covered_lines": 0, "num_statements": 19, "percent_covered": 0.0, "percent_covered_display": "0", "missing_lines": 19, "excluded_lines": 0}, "missing_lines": [105, 106, 108, 110, 111, 112, 113, 116, 117, 118, 126, 127, 128, 129, 130, 131, 133, 134, 137], "excluded_lines": []}, "list_printers": {"executed_lines": [], "summary": {"covered_lines": 0, "num_statements": 8, "percent_covered": 0.0, "percent_covered_display": "0", "missing_lines": 8, "excluded_lines": 0}, "missing_lines": [168, 171, 174, 175, 178, 179, 180, 182], "excluded_lines": []}, "discover_printers": {"executed_lines": [], "summary": {"covered_lines": 0, "num_statements": 14, "percent_covered": 0.0, "percent_covered_display": "0", "missing_lines": 14, "excluded_lines": 0}, "missing_lines": [214, 215, 221, 222, 223, 229, 230, 233, 236, 237, 240, 241, 247, 252], "excluded_lines": []}, "list_network_interfaces": {"executed_lines": [], "summary": {"covered_lines": 0, "num_statements": 8, "percent_covered": 0.0, "percent_covered_display": "0", "missing_lines": 8, "excluded_lines": 0}, "missing_lines": [264, 265, 270, 271, 274, 275, 276, 278], "excluded_lines": []}, "get_startup_discovered_printers": {"executed_lines": [], "summary": {"covered_lines": 0, "num_statements": 8, "percent_covered": 0.0, "percent_covered_display": "0", "missing_lines": 8, "excluded_lines": 0}, "missing_lines": [295, 296, 297, 300, 302, 307, 308, 310], "excluded_lines": []}, "clear_startup_discovered_printers": {"executed_lines": [], "summary": {"covered_lines": 0, "num_statements": 7, "percent_covered": 0.0, "percent_covered_display": "0", "missing_lines": 7, "excluded_lines": 0}, "missing_lines": [326, 327, 330, 332, 336, 337, 338], "excluded_lines": []}, "create_printer": {"executed_lines": [], "summary": {"covered_lines": 0, "num_statements": 8, "percent_covered": 0.0, "percent_covered_display": "0", "missing_lines": 8, "excluded_lines": 0}, "missing_lines": [350, 351, 358, 359, 360, 361, 362, 364], "excluded_lines": []}, "get_printer": {"executed_lines": [], "summary": {"covered_lines": 0, "num_statements": 4, "percent_covered": 0.0, "percent_covered_display": "0", "missing_lines": 4, "excluded_lines": 0}, "missing_lines": [376, 377, 378, 379], "excluded_lines": []}, "update_printer": {"executed_lines": [], "summary": {"covered_lines": 0, "num_statements": 4, "percent_covered": 0.0, "percent_covered_display": "0", "missing_lines": 4, "excluded_lines": 0}, "missing_lines": [390, 391, 392, 393], "excluded_lines": []}, "delete_printer": {"executed_lines": [], "summary": {"covered_lines": 0, "num_statements": 3, "percent_covered": 0.0, "percent_covered_display": "0", "missing_lines": 3, "excluded_lines": 0}, "missing_lines": [402, 403, 404], "excluded_lines": []}, "get_printer_status": {"executed_lines": [], "summary": {"covered_lines": 0, "num_statements": 12, "percent_covered": 0.0, "percent_covered_display": "0", "missing_lines": 12, "excluded_lines": 0}, "missing_lines": [418, 419, 420, 423, 425, 434, 435, 438, 439, 446, 447, 458], "excluded_lines": []}, "connect_printer": {"executed_lines": [], "summary": {"covered_lines": 0, "num_statements": 4, "percent_covered": 0.0, "percent_covered_display": "0", "missing_lines": 4, "excluded_lines": 0}, "missing_lines": [467, 468, 469, 473], "excluded_lines": []}, "disconnect_printer": {"executed_lines": [], "summary": {"covered_lines": 0, "num_statements": 2, "percent_covered": 0.0, "percent_covered_display": "0", "missing_lines": 2, "excluded_lines": 0}, "missing_lines": [482, 483], "excluded_lines": []}, "pause_printer": {"executed_lines": [], "summary": {"covered_lines": 0, "num_statements": 4, "percent_covered": 0.0, "percent_covered_display": "0", "missing_lines": 4, "excluded_lines": 0}, "missing_lines": [492, 493, 494, 498], "excluded_lines": []}, "resume_printer": {"executed_lines": [], "summary": {"covered_lines": 0, "num_statements": 4, "percent_covered": 0.0, "percent_covered_display": "0", "missing_lines": 4, "excluded_lines": 0}, "missing_lines": [507, 508, 509, 513], "excluded_lines": []}, "stop_printer": {"executed_lines": [], "summary": {"covered_lines": 0, "num_statements": 4, "percent_covered": 0.0, "percent_covered_display": "0", "missing_lines": 4, "excluded_lines": 0}, "missing_lines": [522, 523, 524, 528], "excluded_lines": []}, "download_current_job_file": {"executed_lines": [], "summary": {"covered_lines": 0, "num_statements": 4, "percent_covered": 0.0, "percent_covered_display": "0", "missing_lines": 4, "excluded_lines": 0}, "missing_lines": [546, 548, 549, 550], "excluded_lines": []}, "get_printer_files": {"executed_lines": [], "summary": {"covered_lines": 0, "num_statements": 2, "percent_covered": 0.0, "percent_covered_display": "0", "missing_lines": 2, "excluded_lines": 0}, "missing_lines": [559, 560], "excluded_lines": []}, "start_printer_monitoring": {"executed_lines": [], "summary": {"covered_lines": 0, "num_statements": 4, "percent_covered": 0.0, "percent_covered_display": "0", "missing_lines": 4, "excluded_lines": 0}, "missing_lines": [569, 570, 571, 575], "excluded_lines": []}, "stop_printer_monitoring": {"executed_lines": [], "summary": {"covered_lines": 0, "num_statements": 4, "percent_covered": 0.0, "percent_covered_display": "0", "missing_lines": 4, "excluded_lines": 0}, "missing_lines": [584, 585, 586, 590], "excluded_lines": []}, "download_printer_file": {"executed_lines": [], "summary": {"covered_lines": 0, "num_statements": 5, "percent_covered": 0.0, "percent_covered_display": "0", "missing_lines": 5, "excluded_lines": 0}, "missing_lines": [600, 601, 602, 603, 608], "excluded_lines": []}, "get_printer_current_thumbnail": {"executed_lines": [], "summary": {"covered_lines": 0, "num_statements": 27, "percent_covered": 0.0, "percent_covered_display": "0", "missing_lines": 27, "excluded_lines": 0}, "missing_lines": [622, 624, 625, 626, 628, 629, 630, 635, 636, 637, 638, 639, 645, 646, 647, 652, 653, 654, 659, 660, 666, 667, 668, 669, 670, 676, 677], "excluded_lines": []}, "": {"executed_lines": [1, 3, 4, 5, 7, 8, 9, 10, 11, 13, 14, 15, 16, 26, 27, 28, 29, 34, 35, 38, 39, 40, 41, 42, 43, 44, 45, 46, 49, 50, 51, 52, 53, 54, 55, 58, 59, 60, 61, 62, 63, 64, 65, 68, 69, 70, 71, 72, 73, 76, 77, 78, 79, 80, 81, 82, 83, 84, 85, 86, 87, 88, 89, 90, 91, 94, 95, 96, 97, 98, 101, 160, 161, 194, 195, 255, 256, 284, 285, 317, 318, 344, 345, 370, 371, 382, 383, 396, 397, 407, 408, 461, 462, 476, 477, 486, 487, 501, 502, 516, 517, 531, 532, 553, 554, 563, 564, 578, 579, 593, 594, 611, 612], "summary": {"covered_lines": 106, "num_statements": 108, "percent_covered": 98.14814814814815, "percent_covered_display": "98", "missing_lines": 2, "excluded_lines": 0}, "missing_lines": [30, 31], "excluded_lines": []}}, "classes": {"CurrentJobInfo": {"executed_lines": [], "summary": {"covered_lines": 0, "num_statements": 0, "percent_covered": 100.0, "percent_covered_display": "100", "missing_lines": 0, "excluded_lines": 0}, "missing_lines": [], "excluded_lines": []}, "PrinterCreateRequest": {"executed_lines": [], "summary": {"covered_lines": 0, "num_statements": 0, "percent_covered": 100.0, "percent_covered_display": "100", "missing_lines": 0, "excluded_lines": 0}, "missing_lines": [], "excluded_lines": []}, "PrinterUpdateRequest": {"executed_lines": [], "summary": {"covered_lines": 0, "num_statements": 0, "percent_covered": 100.0, "percent_covered_display": "100", "missing_lines": 0, "excluded_lines": 0}, "missing_lines": [], "excluded_lines": []}, "PaginationResponse": {"executed_lines": [], "summary": {"covered_lines": 0, "num_statements": 0, "percent_covered": 100.0, "percent_covered_display": "100", "missing_lines": 0, "excluded_lines": 0}, "missing_lines": [], "excluded_lines": []}, "PrinterResponse": {"executed_lines": [], "summary": {"covered_lines": 0, "num_statements": 0, "percent_covered": 100.0, "percent_covered_display": "100", "missing_lines": 0, "excluded_lines": 0}, "missing_lines": [], "excluded_lines": []}, "PrinterListResponse": {"executed_lines": [], "summary": {"covered_lines": 0, "num_statements": 0, "percent_covered": 100.0, "percent_covered_display": "100", "missing_lines": 0, "excluded_lines": 0}, "missing_lines": [], "excluded_lines": []}, "": {"executed_lines": [1, 3, 4, 5, 7, 8, 9, 10, 11, 13, 14, 15, 16, 26, 27, 28, 29, 34, 35, 38, 39, 40, 41, 42, 43, 44, 45, 46, 49, 50, 51, 52, 53, 54, 55, 58, 59, 60, 61, 62, 63, 64, 65, 68, 69, 70, 71, 72, 73, 76, 77, 78, 79, 80, 81, 82, 83, 84, 85, 86, 87, 88, 89, 90, 91, 94, 95, 96, 97, 98, 101, 160, 161, 194, 195, 255, 256, 284, 285, 317, 318, 344, 345, 370, 371, 382, 383, 396, 397, 407, 408, 461, 462, 476, 477, 486, 487, 501, 502, 516, 517, 531, 532, 553, 554, 563, 564, 578, 579, 593, 594, 611, 612], "summary": {"covered_lines": 106, "num_statements": 267, "percent_covered": 39.70037453183521, "percent_covered_display": "40", "missing_lines": 161, "excluded_lines": 0}, "missing_lines": [30, 31, 105, 106, 108, 110, 111, 112, 113, 116, 117, 118, 126, 127, 128, 129, 130, 131, 133, 134, 137, 168, 171, 174, 175, 178, 179, 180, 182, 214, 215, 221, 222, 223, 229, 230, 233, 236, 237, 240, 241, 247, 252, 264, 265, 270, 271, 274, 275, 276, 278, 295, 296, 297, 300, 302, 307, 308, 310, 326, 327, 330, 332, 336, 337, 338, 350, 351, 358, 359, 360, 361, 362, 364, 376, 377, 378, 379, 390, 391, 392, 393, 402, 403, 404, 418, 419, 420, 423, 425, 434, 435, 438, 439, 446, 447, 458, 467, 468, 469, 473, 482, 483, 492, 493, 494, 498, 507, 508, 509, 513, 522, 523, 524, 528, 546, 548, 549, 550, 559, 560, 569, 570, 571, 575, 584, 585, 586, 590, 600, 601, 602, 603, 608, 622, 624, 625, 626, 628, 629, 630, 635, 636, 637, 638, 639, 645, 646, 647, 652, 653, 654, 659, 660, 666, 667, 668, 669, 670, 676, 677], "excluded_lines": []}}}, "src/api/routers/search.py": {"executed_lines": [1, 5, 6, 7, 9, 13, 14, 15, 21, 22, 25, 26, 142, 143, 157, 158, 175, 176], "summary": {"covered_lines": 17, "num_statements": 35, "percent_covered": 48.57142857142857, "percent_covered_display": "49", "missing_lines": 18, "excluded_lines": 0}, "missing_lines": [91, 93, 94, 97, 100, 125, 133, 136, 138, 139, 153, 154, 168, 169, 170, 172, 191, 192], "excluded_lines": [], "functions": {"unified_search": {"executed_lines": [], "summary": {"covered_lines": 0, "num_statements": 10, "percent_covered": 0.0, "percent_covered_display": "0", "missing_lines": 10, "excluded_lines": 0}, "missing_lines": [91, 93, 94, 97, 100, 125, 133, 136, 138, 139], "excluded_lines": []}, "get_search_history": {"executed_lines": [], "summary": {"covered_lines": 0, "num_statements": 2, "percent_covered": 0.0, "percent_covered_display": "0", "missing_lines": 2, "excluded_lines": 0}, "missing_lines": [153, 154], "excluded_lines": []}, "delete_search_history": {"executed_lines": [], "summary": {"covered_lines": 0, "num_statements": 4, "percent_covered": 0.0, "percent_covered_display": "0", "missing_lines": 4, "excluded_lines": 0}, "missing_lines": [168, 169, 170, 172], "excluded_lines": []}, "get_search_suggestions": {"executed_lines": [], "summary": {"covered_lines": 0, "num_statements": 2, "percent_covered": 0.0, "percent_covered_display": "0", "missing_lines": 2, "excluded_lines": 0}, "missing_lines": [191, 192], "excluded_lines": []}, "": {"executed_lines": [1, 5, 6, 7, 9, 13, 14, 15, 21, 22, 25, 26, 142, 143, 157, 158, 175, 176], "summary": {"covered_lines": 17, "num_statements": 17, "percent_covered": 100.0, "percent_covered_display": "100", "missing_lines": 0, "excluded_lines": 0}, "missing_lines": [], "excluded_lines": []}}, "classes": {"": {"executed_lines": [1, 5, 6, 7, 9, 13, 14, 15, 21, 22, 25, 26, 142, 143, 157, 158, 175, 176], "summary": {"covered_lines": 17, "num_statements": 35, "percent_covered": 48.57142857142857, "percent_covered_display": "49", "missing_lines": 18, "excluded_lines": 0}, "missing_lines": [91, 93, 94, 97, 100, 125, 133, 136, 138, 139, 153, 154, 168, 169, 170, 172, 191, 192], "excluded_lines": []}}}, "src/api/routers/settings.py": {"executed_lines": [1, 3, 4, 5, 6, 8, 9, 10, 17, 18, 21, 22, 23, 24, 25, 26, 27, 28, 29, 30, 31, 32, 33, 34, 35, 36, 39, 42, 43, 44, 47, 48, 49, 52, 53, 54, 55, 56, 57, 58, 59, 60, 61, 64, 65, 66, 67, 68, 69, 72, 73, 74, 75, 76, 77, 78, 79, 82, 85, 86, 87, 90, 91, 92, 95, 96, 97, 98, 99, 100, 101, 102, 103, 104, 107, 108, 109, 110, 111, 112, 115, 116, 117, 118, 119, 120, 121, 124, 125, 126, 127, 128, 129, 130, 131, 132, 135, 136, 137, 138, 139, 140, 143, 144, 152, 153, 172, 173, 190, 191, 208, 209, 222, 223, 232, 233, 241, 242, 251, 252, 261, 262, 271, 272, 273, 274, 275, 278, 279, 293, 294, 312, 313], "summary": {"covered_lines": 126, "num_statements": 165, "percent_covered": 76.36363636363636, "percent_covered_display": "76", "missing_lines": 39, "excluded_lines": 0}, "missing_lines": [148, 149, 159, 160, 161, 162, 164, 166, 167, 169, 177, 178, 197, 199, 200, 205, 214, 216, 217, 219, 228, 229, 237, 238, 247, 248, 257, 258, 267, 268, 283, 284, 286, 301, 306, 317, 319, 320, 325], "excluded_lines": [], "functions": {"get_application_settings": {"executed_lines": [], "summary": {"covered_lines": 0, "num_statements": 2, "percent_covered": 0.0, "percent_covered_display": "0", "missing_lines": 2, "excluded_lines": 0}, "missing_lines": [148, 149], "excluded_lines": []}, "update_application_settings": {"executed_lines": [], "summary": {"covered_lines": 0, "num_statements": 8, "percent_covered": 0.0, "percent_covered_display": "0", "missing_lines": 8, "excluded_lines": 0}, "missing_lines": [159, 160, 161, 162, 164, 166, 167, 169], "excluded_lines": []}, "get_printer_configurations": {"executed_lines": [], "summary": {"covered_lines": 0, "num_statements": 2, "percent_covered": 0.0, "percent_covered_display": "0", "missing_lines": 2, "excluded_lines": 0}, "missing_lines": [177, 178], "excluded_lines": []}, "add_or_update_printer": {"executed_lines": [], "summary": {"covered_lines": 0, "num_statements": 4, "percent_covered": 0.0, "percent_covered_display": "0", "missing_lines": 4, "excluded_lines": 0}, "missing_lines": [197, 199, 200, 205], "excluded_lines": []}, "remove_printer": {"executed_lines": [], "summary": {"covered_lines": 0, "num_statements": 4, "percent_covered": 0.0, "percent_covered_display": "0", "missing_lines": 4, "excluded_lines": 0}, "missing_lines": [214, 216, 217, 219], "excluded_lines": []}, "validate_printer_connection": {"executed_lines": [], "summary": {"covered_lines": 0, "num_statements": 2, "percent_covered": 0.0, "percent_covered_display": "0", "missing_lines": 2, "excluded_lines": 0}, "missing_lines": [228, 229], "excluded_lines": []}, "get_watch_folder_settings": {"executed_lines": [], "summary": {"covered_lines": 0, "num_statements": 2, "percent_covered": 0.0, "percent_covered_display": "0", "missing_lines": 2, "excluded_lines": 0}, "missing_lines": [237, 238], "excluded_lines": []}, "validate_watch_folder": {"executed_lines": [], "summary": {"covered_lines": 0, "num_statements": 2, "percent_covered": 0.0, "percent_covered_display": "0", "missing_lines": 2, "excluded_lines": 0}, "missing_lines": [247, 248], "excluded_lines": []}, "validate_downloads_path": {"executed_lines": [], "summary": {"covered_lines": 0, "num_statements": 2, "percent_covered": 0.0, "percent_covered_display": "0", "missing_lines": 2, "excluded_lines": 0}, "missing_lines": [257, 258], "excluded_lines": []}, "validate_library_path": {"executed_lines": [], "summary": {"covered_lines": 0, "num_statements": 2, "percent_covered": 0.0, "percent_covered_display": "0", "missing_lines": 2, "excluded_lines": 0}, "missing_lines": [267, 268], "excluded_lines": []}, "get_gcode_optimization_settings": {"executed_lines": [], "summary": {"covered_lines": 0, "num_statements": 3, "percent_covered": 0.0, "percent_covered_display": "0", "missing_lines": 3, "excluded_lines": 0}, "missing_lines": [283, 284, 286], "excluded_lines": []}, "update_gcode_optimization_settings": {"executed_lines": [], "summary": {"covered_lines": 0, "num_statements": 2, "percent_covered": 0.0, "percent_covered_display": "0", "missing_lines": 2, "excluded_lines": 0}, "missing_lines": [301, 306], "excluded_lines": []}, "reload_configuration": {"executed_lines": [], "summary": {"covered_lines": 0, "num_statements": 4, "percent_covered": 0.0, "percent_covered_display": "0", "missing_lines": 4, "excluded_lines": 0}, "missing_lines": [317, 319, 320, 325], "excluded_lines": []}, "": {"executed_line
[...]
rcent_covered": 0.0, "percent_covered_display": "0", "missing_lines": 4, "excluded_lines": 0}, "missing_lines": [630, 634, 635, 637], "excluded_lines": []}, "": {"executed_lines": [1, 42, 43, 44, 45, 46, 48, 55, 56, 77, 99, 118, 138, 139, 141, 160, 161, 163, 183, 184, 186, 206, 207, 209, 229, 230, 232, 255, 256, 258, 277, 278, 280, 299, 300, 302, 331, 332, 334, 353, 354, 356, 381, 382, 384, 409, 410, 412, 441, 442, 444, 463, 464, 466, 495, 496, 498, 521, 522, 524, 544, 545, 547, 567, 568, 570, 590, 591, 593, 618, 619, 621, 648, 695, 718, 720, 723, 728, 731, 738, 751, 761, 767, 803], "summary": {"covered_lines": 62, "num_statements": 72, "percent_covered": 86.11111111111111, "percent_covered_display": "86", "missing_lines": 10, "excluded_lines": 0}, "missing_lines": [676, 684, 692, 719, 721, 729, 781, 791, 816, 824], "excluded_lines": []}}}, "src/utils/exceptions.py": {"executed_lines": [1, 5, 6, 9, 10, 12, 28, 29, 31, 40, 41, 43, 52, 53, 55, 64, 65, 67, 76, 77, 79, 88, 89, 91, 100, 101, 103, 112, 113, 115], "summary": {"covered_lines": 20, "num_statements": 34, "percent_covered": 58.8235294117647, "percent_covered_display": "59", "missing_lines": 14, "excluded_lines": 0}, "missing_lines": [20, 21, 22, 23, 24, 25, 32, 44, 56, 68, 80, 92, 104, 116], "excluded_lines": [], "functions": {"PrinternizerException.__init__": {"executed_lines": [], "summary": {"covered_lines": 0, "num_statements": 6, "percent_covered": 0.0, "percent_covered_display": "0", "missing_lines": 6, "excluded_lines": 0}, "missing_lines": [20, 21, 22, 23, 24, 25], "excluded_lines": []}, "ConfigurationError.__init__": {"executed_lines": [], "summary": {"covered_lines": 0, "num_statements": 1, "percent_covered": 0.0, "percent_covered_display": "0", "missing_lines": 1, "excluded_lines": 0}, "missing_lines": [32], "excluded_lines": []}, "DatabaseError.__init__": {"executed_lines": [], "summary": {"covered_lines": 0, "num_statements": 1, "percent_covered": 0.0, "percent_covered_display": "0", "missing_lines": 1, "excluded_lines": 0}, "missing_lines": [44], "excluded_lines": []}, "PrinterConnectionError.__init__": {"executed_lines": [], "summary": {"covered_lines": 0, "num_statements": 1, "percent_covered": 0.0, "percent_covered_display": "0", "missing_lines": 1, "excluded_lines": 0}, "missing_lines": [56], "excluded_lines": []}, "FileOperationError.__init__": {"executed_lines": [], "summary": {"covered_lines": 0, "num_statements": 1, "percent_covered": 0.0, "percent_covered_display": "0", "missing_lines": 1, "excluded_lines": 0}, "missing_lines": [68], "excluded_lines": []}, "ValidationError.__init__": {"executed_lines": [], "summary": {"covered_lines": 0, "num_statements": 1, "percent_covered": 0.0, "percent_covered_display": "0", "missing_lines": 1, "excluded_lines": 0}, "missing_lines": [80], "excluded_lines": []}, "AuthenticationError.__init__": {"executed_lines": [], "summary": {"covered_lines": 0, "num_statements": 1, "percent_covered": 0.0, "percent_covered_display": "0", "missing_lines": 1, "excluded_lines": 0}, "missing_lines": [92], "excluded_lines": []}, "AuthorizationError.__init__": {"executed_lines": [], "summary": {"covered_lines": 0, "num_statements": 1, "percent_covered": 0.0, "percent_covered_display": "0", "missing_lines": 1, "excluded_lines": 0}, "missing_lines": [104], "excluded_lines": []}, "NotFoundError.__init__": {"executed_lines": [], "summary": {"covered_lines": 0, "num_statements": 1, "percent_covered": 0.0, "percent_covered_display": "0", "missing_lines": 1, "excluded_lines": 0}, "missing_lines": [116], "excluded_lines": []}, "": {"executed_lines": [1, 5, 6, 9, 10, 12, 28, 29, 31, 40, 41, 43, 52, 53, 55, 64, 65, 67, 76, 77, 79, 88, 89, 91, 100, 101, 103, 112, 113, 115], "summary": {"covered_lines": 20, "num_statements": 20, "percent_covered": 100.0, "percent_covered_display": "100", "missing_lines": 0, "excluded_lines": 0}, "missing_lines": [], "excluded_lines": []}}, "classes": {"PrinternizerException": {"executed_lines": [], "summary": {"covered_lines": 0, "num_statements": 6, "percent_covered": 0.0, "percent_covered_display": "0", "missing_lines": 6, "excluded_lines": 0}, "missing_lines": [20, 21, 22, 23, 24, 25], "excluded_lines": []}, "ConfigurationError": {"executed_lines": [], "summary": {"covered_lines": 0, "num_statements": 1, "percent_covered": 0.0, "percent_covered_display": "0", "missing_lines": 1, "excluded_lines": 0}, "missing_lines": [32], "excluded_lines": []}, "DatabaseError": {"executed_lines": [], "summary": {"covered_lines": 0, "num_statements": 1, "percent_covered": 0.0, "percent_covered_display": "0", "missing_lines": 1, "excluded_lines": 0}, "missing_lines": [44], "excluded_lines": []}, "PrinterConnectionError": {"executed_lines": [], "summary": {"covered_lines": 0, "num_statements": 1, "percent_covered": 0.0, "percent_covered_display": "0", "missing_lines": 1, "excluded_lines": 0}, "missing_lines": [56], "excluded_lines": []}, "FileOperationError": {"executed_lines": [], "summary": {"covered_lines": 0, "num_statements": 1, "percent_covered": 0.0, "percent_covered_display": "0", "missing_lines": 1, "excluded_lines": 0}, "missing_lines": [68], "excluded_lines": []}, "ValidationError": {"executed_lines": [], "summary": {"covered_lines": 0, "num_statements": 1, "percent_covered": 0.0, "percent_covered_display": "0", "missing_lines": 1, "excluded_lines": 0}, "missing_lines": [80], "excluded_lines": []}, "AuthenticationError": {"executed_lines": [], "summary": {"covered_lines": 0, "num_statements": 1, "percent_covered": 0.0, "percent_covered_display": "0", "missing_lines": 1, "excluded_lines": 0}, "missing_lines": [92], "excluded_lines": []}, "AuthorizationError": {"executed_lines": [], "summary": {"covered_lines": 0, "num_statements": 1, "percent_covered": 0.0, "percent_covered_display": "0", "missing_lines": 1, "excluded_lines": 0}, "missing_lines": [104], "excluded_lines": []}, "NotFoundError": {"executed_lines": [], "summary": {"covered_lines": 0, "num_statements": 1, "percent_covered": 0.0, "percent_covered_display": "0", "missing_lines": 1, "excluded_lines": 0}, "missing_lines": [116], "excluded_lines": []}, "": {"executed_lines": [1, 5, 6, 9, 10, 12, 28, 29, 31, 40, 41, 43, 52, 53, 55, 64, 65, 67, 76, 77, 79, 88, 89, 91, 100, 101, 103, 112, 113, 115], "summary": {"covered_lines": 20, "num_statements": 20, "percent_covered": 100.0, "percent_covered_display": "100", "missing_lines": 0, "excluded_lines": 0}, "missing_lines": [], "excluded_lines": []}}}, "src/utils/gcode_analyzer.py": {"executed_lines": [1, 5, 6, 7, 9, 12, 13, 16, 29, 36, 45, 109, 153, 178], "summary": {"covered_lines": 12, "num_statements": 88, "percent_covered": 13.636363636363637, "percent_covered_display": "14", "missing_lines": 76, "excluded_lines": 0}, "missing_lines": [43, 55, 56, 58, 59, 60, 61, 63, 64, 65, 68, 69, 70, 71, 74, 75, 76, 77, 80, 81, 82, 85, 87, 88, 89, 92, 93, 94, 97, 99, 101, 103, 106, 107, 120, 121, 122, 123, 125, 126, 127, 128, 131, 132, 134, 135, 136, 137, 140, 141, 144, 146, 148, 149, 151, 163, 164, 166, 168, 169, 170, 172, 173, 176, 189, 190, 191, 192, 193, 194, 195, 197, 199, 207, 208, 209], "excluded_lines": [], "functions": {"GcodeAnalyzer.__init__": {"executed_lines": [], "summary": {"covered_lines": 0, "num_statements": 1, "percent_covered": 0.0, "percent_covered_display": "0", "missing_lines": 1, "excluded_lines": 0}, "missing_lines": [43], "excluded_lines": []}, "GcodeAnalyzer.find_print_start_line": {"executed_lines": [], "summary": {"covered_lines": 0, "num_statements": 33, "percent_covered": 0.0, "percent_covered_display": "0", "missing_lines": 33, "excluded_lines": 0}, "missing_lines": [55, 56, 58, 59, 60, 61, 63, 64, 65, 68, 69, 70, 71, 74, 75, 76, 77, 80, 81, 82, 85, 87, 88, 89, 92, 93, 94, 97, 99, 101, 103, 106, 107], "excluded_lines": []}, "GcodeAnalyzer._is_likely_print_move": {"executed_lines": [], "summary": {"covered_lines": 0, "num_statements": 21, "percent_covered": 0.0, "percent_covered_display": "0", "missing_lines": 21, "excluded_lines": 0}, "missing_lines": [120, 121, 122, 123, 125, 126, 127, 128, 131, 132, 134, 135, 136, 137, 140, 141, 144, 146, 148, 149, 151], "excluded_lines": []}, "GcodeAnalyzer.get_optimized_gcode_lines": {"executed_lines": [], "summary": {"covered_lines": 0, "num_statements": 9, "percent_covered": 0.0, "percent_covered_display": "0", "missing_lines": 9, "excluded_lines": 0}, "missing_lines": [163, 164, 166, 168, 169, 170, 172, 173, 176], "excluded_lines": []}, "GcodeAnalyzer.analyze_gcode_file": {"executed_lines": [], "summary": {"covered_lines": 0, "num_statements": 12, "percent_covered": 0.0, "percent_covered_display": "0", "missing_lines": 12, "excluded_lines": 0}, "missing_lines": [189, 190, 191, 192, 193, 194, 195, 197, 199, 207, 208, 209], "excluded_lines": []}, "": {"executed_lines": [1, 5, 6, 7, 9, 12, 13, 16, 29, 36, 45, 109, 153, 178], "summary": {"covered_lines": 12, "num_statements": 12, "percent_covered": 100.0, "percent_covered_display": "100", "missing_lines": 0, "excluded_lines": 0}, "missing_lines": [], "excluded_lines": []}}, "classes": {"GcodeAnalyzer": {"executed_lines": [], "summary": {"covered_lines": 0, "num_statements": 76, "percent_covered": 0.0, "percent_covered_display": "0", "missing_lines": 76, "excluded_lines": 0}, "missing_lines": [43, 55, 56, 58, 59, 60, 61, 63, 64, 65, 68, 69, 70, 71, 74, 75, 76, 77, 80, 81, 82, 85, 87, 88, 89, 92, 93, 94, 97, 99, 101, 103, 106, 107, 120, 121, 122, 123, 125, 126, 127, 128, 131, 132, 134, 135, 136, 137, 140, 141, 144, 146, 148, 149, 151, 163, 164, 166, 168, 169, 170, 172, 173, 176, 189, 190, 191, 192, 193, 194, 195, 197, 199, 207, 208, 209], "excluded_lines": []}, "": {"executed_lines": [1, 5, 6, 7, 9, 12, 13, 16, 29, 36, 45, 109, 153, 178], "summary": {"covered_lines": 12, "num_statements": 12, "percent_covered": 100.0, "percent_covered_display": "100", "missing_lines": 0, "excluded_lines": 0}, "missing_lines": [], "excluded_lines": []}}}, "src/utils/logging_config.py": {"executed_lines": [1, 5, 6, 7, 8, 9, 10, 13, 76, 81], "summary": {"covered_lines": 9, "num_statements": 39, "percent_covered": 23.076923076923077, "percent_covered_display": "23", "missing_lines": 30, "excluded_lines": 0}, "missing_lines": [22, 23, 26, 33, 45, 46, 47, 49, 50, 52, 55, 58, 59, 62, 63, 65, 67, 78, 97, 98, 100, 101, 102, 104, 105, 108, 109, 110, 111, 113], "excluded_lines": [], "functions": {"setup_logging": {"executed_lines": [], "summary": {"covered_lines": 0, "num_statements": 17, "percent_covered": 0.0, "percent_covered_display": "0", "missing_lines": 17, "excluded_lines": 0}, "missing_lines": [22, 23, 26, 33, 45, 46, 47, 49, 50, 52, 55, 58, 59, 62, 63, 65, 67], "excluded_lines": []}, "get_logger": {"executed_lines": [], "summary": {"covered_lines": 0, "num_statements": 1, "percent_covered": 0.0, "percent_covered_display": "0", "missing_lines": 1, "excluded_lines": 0}, "missing_lines": [78], "excluded_lines": []}, "mask_sensitive_data": {"executed_lines": [], "summary": {"covered_lines": 0, "num_statements": 12, "percent_covered": 0.0, "percent_covered_display": "0", "missing_lines": 12, "excluded_lines": 0}, "missing_lines": [97, 98, 100, 101, 102, 104, 105, 108, 109, 110, 111, 113], "excluded_lines": []}, "": {"executed_lines": [1, 5, 6, 7, 8, 9, 10, 13, 76, 81], "summary": {"covered_lines": 9, "num_statements": 9, "percent_covered": 100.0, "percent_covered_display": "100", "missing_lines": 0, "excluded_lines": 0}, "missing_lines": [], "excluded_lines": []}}, "classes": {"": {"executed_lines": [1, 5, 6, 7, 8, 9, 10, 13, 76, 81], "summary": {"covered_lines": 9, "num_statements": 39, "percent_covered": 23.076923076923077, "percent_covered_display": "23", "missing_lines": 30, "excluded_lines": 0}, "missing_lines": [22, 23, 26, 33, 45, 46, 47, 49, 50, 52, 55, 58, 59, 62, 63, 65, 67, 78, 97, 98, 100, 101, 102, 104, 105, 108, 109, 110, 111, 113], "excluded_lines": []}}}, "src/utils/middleware.py": {"executed_lines": [1, 5, 6, 7, 8, 9, 11, 14, 15, 17, 47, 48, 50, 84, 85, 87], "summary": {"covered_lines": 12, "num_statements": 44, "percent_covered": 27.272727272727273, "percent_covered_display": "27", "missing_lines": 32, "excluded_lines": 0}, "missing_lines": [19, 21, 23, 26, 29, 32, 41, 42, 44, 52, 53, 56, 57, 58, 59, 62, 70, 73, 78, 79, 81, 89, 91, 92, 101, 104, 105, 106, 109, 111, 112, 114], "excluded_lines": [], "functions": {"RequestTimingMiddleware.dispatch": {"executed_lines": [], "summary": {"covered_lines": 0, "num_statements": 9, "percent_covered": 0.0, "percent_covered_display": "0", "missing_lines": 9, "excluded_lines": 0}, "missing_lines": [19, 21, 23, 26, 29, 32, 41, 42, 44], "excluded_lines": []}, "SecurityHeadersMiddleware.dispatch": {"executed_lines": [], "summary": {"covered_lines": 0, "num_statements": 12, "percent_covered": 0.0, "percent_covered_display": "0", "missing_lines": 12, "excluded_lines": 0}, "missing_lines": [52, 53, 56, 57, 58, 59, 62, 70, 73, 78, 79, 81], "excluded_lines": []}, "GermanComplianceMiddleware.dispatch": {"executed_lines": [], "summary": {"covered_lines": 0, "num_statements": 11, "percent_covered": 0.0, "percent_covered_display": "0", "missing_lines": 11, "excluded_lines": 0}, "missing_lines": [89, 91, 92, 101, 104, 105, 106, 109, 111, 112, 114], "excluded_lines": []}, "": {"executed_lines": [1, 5, 6, 7, 8, 9, 11, 14, 15, 17, 47, 48, 50, 84, 85, 87], "summary": {"covered_lines": 12, "num_statements": 12, "percent_covered": 100.0, "percent_covered_display": "100", "missing_lines": 0, "excluded_lines": 0}, "missing_lines": [], "excluded_lines": []}}, "classes": {"RequestTimingMiddleware": {"executed_lines": [], "summary": {"covered_lines": 0, "num_statements": 9, "percent_covered": 0.0, "percent_covered_display": "0", "missing_lines": 9, "excluded_lines": 0}, "missing_lines": [19, 21, 23, 26, 29, 32, 41, 42, 44], "excluded_lines": []}, "SecurityHeadersMiddleware": {"executed_lines": [], "summary": {"covered_lines": 0, "num_statements": 12, "percent_covered": 0.0, "percent_covered_display": "0", "missing_lines": 12, "excluded_lines": 0}, "missing_lines": [52, 53, 56, 57, 58, 59, 62, 70, 73, 78, 79, 81], "excluded_lines": []}, "GermanComplianceMiddleware": {"executed_lines": [], "summary": {"covered_lines": 0, "num_statements": 11, "percent_covered": 0.0, "percent_covered_display": "0", "missing_lines": 11, "excluded_lines": 0}, "missing_lines": [89, 91, 92, 101, 104, 105, 106, 109, 111, 112, 114], "excluded_lines": []}, "": {"executed_lines": [1, 5, 6, 7, 8, 9, 11, 14, 15, 17, 47, 48, 50, 84, 85, 87], "summary": {"covered_lines": 12, "num_statements": 12, "percent_covered": 100.0, "percent_covered_display": "100", "missing_lines": 0, "excluded_lines": 0}, "missing_lines": [], "excluded_lines": []}}}, "src/utils/timing.py": {"executed_lines": [1, 5, 6, 7, 8, 9, 11, 14, 15, 42, 43, 70, 71, 83, 89, 93, 110, 142, 146], "summary": {"covered_lines": 17, "num_statements": 55, "percent_covered": 30.90909090909091, "percent_covered_display": "31", "missing_lines": 38, "excluded_lines": 0}, "missing_lines": [27, 28, 29, 31, 32, 34, 35, 55, 56, 57, 59, 60, 62, 63, 85, 86, 87, 91, 95, 96, 97, 99, 100, 101, 104, 112, 114, 115, 116, 119, 125, 126, 127, 134, 135, 140, 144, 148], "excluded_lines": [], "functions": {"timed_operation": {"executed_lines": [], "summary": {"covered_lines": 0, "num_statements": 7, "percent_covered": 0.0, "percent_covered_display": "0", "missing_lines": 7, "excluded_lines": 0}, "missing_lines": [27, 28, 29, 31, 32, 34, 35], "excluded_lines": []}, "timed_async_operation": {"executed_lines": [], "summary": {"covered_lines": 0, "num_statements": 7, "percent_covered": 0.0, "percent_covered_display": "0", "missing_lines": 7, "excluded_lines": 0}, "missing_lines": [55, 56, 57, 59, 60, 62, 63], "excluded_lines": []}, "StartupTimer.__init__": {"executed_lines": [], "summary": {"covered_lines": 0, "num_statements": 3, "percent_covered": 0.0, "percent_covered_display": "0", "missing_lines": 3, "excluded_lines": 0}, "missing_lines": [85, 86, 87], "excluded_lines": []}, "StartupTimer.start": {"executed_lines": [], "summary": {"covered_lines": 0, "num_statements": 1, "percent_covered": 0.0, "percent_covered_display": "0", "missing_lines": 1, "excluded_lines": 0}, "missing_lines": [91], "excluded_lines": []}, "StartupTimer.end": {"executed_lines": [], "summary": {"covered_lines": 0, "num_statements": 7, "percent_covered": 0.0, "percent_covered_display": "0", "missing_lines": 7, "excluded_lines": 0}, "missing_lines": [95, 96, 97, 99, 100, 101, 104], "excluded_lines": []}, "StartupTimer.report": {"executed_lines": [], "summary": {"covered_lines": 0, "num_statements": 11, "percent_covered": 0.0, "percent_covered_display": "0", "missing_lines": 11, "excluded_lines": 0}, "missing_lines": [112, 114, 115, 116, 119, 125, 126, 127, 134, 135, 140], "excluded_lines": []}, "StartupTimer.get_total_duration": {"executed_lines": [], "summary": {"covered_lines": 0, "num_statements": 1, "percent_covered": 0.0, "percent_covered_display": "0", "missing_lines": 1, "excluded_lines": 0}, "missing_lines": [144], "excluded_lines": []}, "StartupTimer.get_operation_duration": {"executed_lines": [], "summary": {"covered_lines": 0, "num_statements": 1, "percent_covered": 0.0, "percent_covered_display": "0", "missing_lines": 1, "excluded_lines": 0}, "missing_lines": [148], "excluded_lines": []}, "": {"executed_lines": [1, 5, 6, 7, 8, 9, 11, 14, 15, 42, 43, 70, 71, 83, 89, 93, 110, 142, 146], "summary": {"covered_lines": 17, "num_statements": 17, "percent_covered": 100.0, "percent_covered_display": "100", "missing_lines": 0, "excluded_lines": 0}, "missing_lines": [], "excluded_lines": []}}, "classes": {"StartupTimer": {"executed_lines": [], "summary": {"covered_lines": 0, "num_statements": 24, "percent_covered": 0.0, "percent_covered_display": "0", "missing_lines": 24, "excluded_lines": 0}, "missing_lines": [85, 86, 87, 91, 95, 96, 97, 99, 100, 101, 104, 112, 114, 115, 116, 119, 125, 126, 127, 134, 135, 140, 144, 148], "excluded_lines": []}, "": {"executed_lines": [1, 5, 6, 7, 8, 9, 11, 14, 15, 42, 43, 70, 71, 83, 89, 93, 110, 142, 146], "summary": {"covered_lines": 17, "num_statements": 31, "percent_covered": 54.83870967741935, "percent_covered_display": "55", "missing_lines": 14, "excluded_lines": 0}, "missing_lines": [27, 28, 29, 31, 32, 34, 35, 55, 56, 57, 59, 60, 62, 63], "excluded_lines": []}}}, "src/utils/version.py": {"executed_lines": [1, 6, 7, 10, 22, 25, 34, 35, 37, 39, 49, 69], "summary": {"covered_lines": 11, "num_statements": 22, "percent_covered": 50.0, "percent_covered_display": "50", "missing_lines": 11, "excluded_lines": 0}, "missing_lines": [38, 41, 43, 46, 59, 62, 63, 64, 66, 71, 72], "excluded_lines": [], "functions": {"get_version": {"executed_lines": [22, 25, 34, 35, 37, 39], "summary": {"covered_lines": 6, "num_statements": 10, "percent_covered": 60.0, "percent_covered_display": "60", "missing_lines": 4, "excluded_lines": 0}, "missing_lines": [38, 41, 43, 46], "excluded_lines": []}, "get_short_version": {"executed_lines": [], "summary": {"covered_lines": 0, "num_statements": 5, "percent_covered": 0.0, "percent_covered_display": "0", "missing_lines": 5, "excluded_lines": 0}, "missing_lines": [59, 62, 63, 64, 66], "excluded_lines": []}, "": {"executed_lines": [1, 6, 7, 10, 49, 69], "summary": {"covered_lines": 5, "num_statements": 7, "percent_covered": 71.42857142857143, "percent_covered_display": "71", "missing_lines": 2, "excluded_lines": 0}, "missing_lines": [71, 72], "excluded_lines": []}}, "classes": {"": {"executed_lines": [1, 6, 7, 10, 22, 25, 34, 35, 37, 39, 49, 69], "summary": {"covered_lines": 11, "num_statements": 22, "percent_covered": 50.0, "percent_covered_display": "50", "missing_lines": 11, "excluded_lines": 0}, "missing_lines": [38, 41, 43, 46, 59, 62, 63, 64, 66, 71, 72], "excluded_lines": []}}}}, "totals": {"covered_lines": 3489, "num_statements": 14193, "percent_covered": 24.58254068907208, "percent_covered_display": "25", "missing_lines": 10704, "excluded_lines": 29}}