<?xml version="1.0" encoding="utf-8"?><testsuites name="pytest tests"><testsuite name="pytest" errors="0" failures="0" skipped="13" tests="48" time="3.019" timestamp="2025-11-12T20:22:01.903538+00:00" hostname="runnervmw9dnm"><testcase classname="tests.test_essential_printer_drivers.TestEssentialBambuLabDriverIntegration" name="test_bambu_mqtt_connection_initialization" time="0.036" /><testcase classname="tests.test_essential_printer_drivers.TestEssentialBambuLabDriverIntegration" name="test_bambu_real_time_status_via_mqtt" time="0.002" /><testcase classname="tests.test_essential_printer_drivers.TestEssentialBambuLabDriverIntegration" name="test_bambu_file_listing_via_mqtt" time="0.002" /><testcase classname="tests.test_essential_printer_drivers.TestEssentialBambuLabDriverIntegration" name="test_bambu_mqtt_error_recovery" time="0.002" /><testcase classname="tests.test_essential_printer_drivers.TestEssentialPrusaDriverIntegration" name="test_prusa_http_api_connection" time="0.002" /><testcase classname="tests.test_essential_printer_drivers.TestEssentialPrusaDriverIntegration" name="test_prusa_30_second_polling_status" time="0.102" /><testcase classname="tests.test_essential_printer_drivers.TestEssentialPrusaDriverIntegration" name="test_prusa_file_download_http" time="0.002" /><testcase classname="tests.test_essential_printer_drivers.TestEssentialPrusaDriverIntegration" name="test_prusa_job_history_sync" time="0.001" /><testcase classname="tests.test_essential_printer_drivers.TestEssentialPrinterDriverComparison" name="test_unified_status_interface" time="0.001" /><testcase classname="tests.test_essential_printer_drivers.TestEssentialPrinterDriverComparison" name="test_connection_recovery_consistency" time="0.001" /><testcase classname="tests.test_essential_printer_drivers.TestEssentialPrinterDriverComparison" name="test_german_business_data_integration" time="0.001" /><testcase classname="tests.test_essential_printer_api.TestEssentialPrinterAPIEndpoints" name="test_printer_status_endpoint_real_time" time="0.001" /><testcase classname="tests.test_essential_printer_api.TestEssentialPrinterAPIEndpoints" name="test_printer_monitoring_start_stop" time="0.001" /><testcase classname="tests.test_essential_printer_api.TestEssentialPrinterAPIEndpoints" name="test_drucker_dateien_file_listing" time="0.001" /><testcase classname="tests.test_essential_printer_api.TestEssentialPrinterAPIEndpoints" name="test_one_click_file_download" time="0.001" /><testcase classname="tests.test_essential_printer_api.TestEssentialPrinterAPIEndpoints" name="test_current_job_real_time_progress" time="0.001" /><testcase classname="tests.test_essential_printer_api.TestEssentialPrinterAPIEndpoints" name="test_job_sync_history_integration" time="0.001" /><testcase classname="tests.test_essential_printer_api.TestEssentialPrinterConnectionRecovery" name="test_bambu_mqtt_connection_recovery" time="0.001" /><testcase classname="tests.test_essential_printer_api.TestEssentialPrinterConnectionRecovery" name="test_prusa_http_connection_recovery" time="0.001" /><testcase classname="tests.test_essential_printer_api.TestEssentialGermanBusinessIntegration" name="test_german_material_cost_calculation" time="0.000" /><testcase classname="tests.test_essential_printer_api.TestEssentialGermanBusinessIntegration" name="test_german_business_customer_classification" time="0.000" /><testcase classname="tests.test_essential_printer_api.TestEssentialGermanBusinessIntegration" name="test_german_timezone_handling" time="0.001" /><testcase classname="tests.backend.test_api_printers.TestPrinterAPI" name="test_get_printers_empty_database" time="1.353" /><testcase classname="tests.backend.test_api_printers.TestPrinterAPI" name="test_get_printers_with_data" time="0.074" /><testcase classname="tests.backend.test_api_printers.TestPrinterAPI" name="test_get_printers_filter_by_type" time="0.000"><skipped type="pytest.skip" message="Requires filtering implementation in printer_service.list_printers">/home/runner/work/printernizer/printernizer/tests/backend/test_api_printers.py:86: Requires filtering implementation in printer_service.list_printers</skipped></testcase><testcase classname="tests.backend.test_api_printers.TestPrinterAPI" name="test_get_printers_filter_by_active_status" time="0.000"><skipped type="pytest.skip" message="Requires filtering implementation in printer_service.list_printers">/home/runner/work/printernizer/printernizer/tests/backend/test_api_printers.py:99: Requires filtering implementation in printer_service.list_printers</skipped></testcase><testcase classname="tests.backend.test_api_printers.TestPrinterAPI" name="test_post_printers_bambu_lab" time="0.000"><skipped type="pytest.skip" message="Requires printer_service.create_printer implementation and database service integration">/home/runner/work/printernizer/printernizer/tests/backend/test_api_printers.py:112: Requires printer_service.create_printer implementation and database service integration</skipped></testcase><testcase classname="tests.backend.test_api_printers.TestPrinterAPI" name="test_post_printers_prusa" time="0.000"><skipped type="pytest.skip" message="Requires printer_service.create_printer implementation and database service integration">/home/runner/work/printernizer/printernizer/tests/backend/test_api_printers.py:142: Requires printer_service.create_printer implementation and database service integration</skipped></testcase><testcase classname="tests.backend.test_api_printers.TestPrinterAPI" name="test_post_printers_validation_errors" time="0.078" /><testcase classname="tests.backend.test_api_printers.TestPrinterAPI" name="test_get_printer_status_bambu_lab" time="0.000"><skipped type="pytest.skip" message="Requires printer instance mocking and printer_service.printer_instances integration">/home/runner/work/printernizer/printernizer/tests/backend/test_api_printers.py:202: Requires printer instance mocking and printer_service.printer_instances integration</skipped></testcase><testcase classname="tests.backend.test_api_printers.TestPrinterAPI" name="test_get_printer_status_prusa" time="0.000"><skipped type="pytest.skip" message="Requires printer instance mocking and printer_service.printer_instances integration">/home/runner/work/printernizer/printernizer/tests/backend/test_api_printers.py:235: Requires printer instance mocking and printer_service.printer_instances integration</skipped></testcase><testcase classname="tests.backend.test_api_printers.TestPrinterAPI" name="test_get_printer_status_offline" time="0.000"><skipped type="pytest.skip" message="Requires printer instance mocking and error handling integration">/home/runner/work/printernizer/printernizer/tests/backend/test_api_printers.py:260: Requires printer instance mocking and error handling integration</skipped></testcase><testcase classname="tests.backend.test_api_printers.TestPrinterAPI" name="test_get_printer_status_not_found" time="0.072" /><testcase classname="tests.backend.test_api_printers.TestPrinterAPI" name="test_put_printers_update_config" time="0.000"><skipped type="pytest.skip" message="Requires printer_service.update_printer implementation and database service integration">/home/runner/work/printernizer/printernizer/tests/backend/test_api_printers.py:293: Requires printer_service.update_printer implementation and database service integration</skipped></testcase><testcase classname="tests.backend.test_api_printers.TestPrinterAPI" name="test_put_printers_invalid_update" time="0.000"><skipped type="pytest.skip" message="Requires printer_service.update_printer implementation with validation">/home/runner/work/printernizer/printernizer/tests/backend/test_api_printers.py:317: Requires printer_service.update_printer implementation with validation</skipped></testcase><testcase classname="tests.backend.test_api_printers.TestPrinterAPI" name="test_delete_printers" time="0.000"><skipped type="pytest.skip" message="Requires printer_service.delete_printer implementation and database service integration">/home/runner/work/printernizer/printernizer/tests/backend/test_api_printers.py:342: Requires printer_service.delete_printer implementation and database service integration</skipped></testcase><testcase classname="tests.backend.test_api_printers.TestPrinterAPI" name="test_delete_printer_with_active_jobs" time="0.000"><skipped type="pytest.skip" message="Requires printer_service.delete_printer implementation with active job validation">/home/runner/work/printernizer/printernizer/tests/backend/test_api_printers.py:363: Requires printer_service.delete_printer implementation with active job validation</skipped></testcase><testcase classname="tests.backend.test_api_printers.TestPrinterAPI" name="test_printer_connection_test" time="0.000"><skipped type="pytest.skip" message="Test uses wrong endpoint: /test-connection instead of /connect">/home/runner/work/printernizer/printernizer/tests/backend/test_api_printers.py:379: Test uses wrong endpoint: /test-connection instead of /connect</skipped></testcase><testcase classname="tests.backend.test_api_printers.TestPrinterAPI" name="test_printer_connection_test_failed" time="0.000"><skipped type="pytest.skip" message="Test uses wrong endpoint: /test-connection instead of /connect">/home/runner/work/printernizer/printernizer/tests/backend/test_api_printers.py:397: Test uses wrong endpoint: /test-connection instead of /connect</skipped></testcase><testcase classname="tests.backend.test_api_printers.TestPrinterBusinessLogic" name="test_printer_timezone_handling" time="0.073" /><testcase classname="tests.backend.test_api_printers.TestPrinterBusinessLogic" name="test_printer_cost_calculations_euro" time="0.001" /><testcase classname="tests.backend.test_api_printers.TestPrinterBusinessLogic" name="test_printer_business_hours_validation" time="0.000" /><testcase classname="tests.backend.test_api_printers.TestPrinterBusinessLogic" name="test_printer_id_generation_german_locale" time="0.000" /><testcase classname="tests.backend.test_api_printers.TestPrinterAPIEdgeCases" name="test_concurrent_printer_requests" time="0.092" /><testcase classname="tests.backend.test_api_printers.TestPrinterAPIEdgeCases" name="test_large_printer_list_performance" time="0.197" /><testcase classname="tests.backend.test_api_printers.TestPrinterAPIEdgeCases" name="test_printer_api_rate_limiting" time="0.134" /><testcase classname="tests.backend.test_api_printers.TestPrinterAPIEdgeCases" name="test_invalid_json_handling" time="0.070" /><testcase classname="tests.backend.test_api_printers.TestPrinterAPIEdgeCases" name="test_oversized_request_handling" time="0.069" /></testsuite></testsuites>